=============================
HVL: HVLvlo = 0 - 20
     HVL_lo = 20 - 500
     HVLmlo = 500 - 3k
     HVLmed = 3k - 10k
     HVLmhi = 10k - 30k
     HVL_hi = 30k - 100k
     HVLvhi = > 100k
=============================
CD4: CD4vlo = 0 - 50
     CD4_lo = 50 - 100
     CD4mlo = 100 - 200
     CD4mhi = 200 - 350
     CD4_hi = 350 - 500
     CD4vhi = > 500
=============================


-----------------------------
BEGIN SCENARIO sample.in [1]
-----------------------------


BEGIN PATIENT 1
  gender: male, init age: 180 mths (15.00 yrs)
  init CD4: 205;
  init HVL: HVLvhi, setpt: HVLvhi;
  init VisitType sched, Implement proph YES art YES;
  0 CD4 TEST: obsv CD4 205, $ 9;
**0 CLINIC VISIT, $ 9;
**0 TB INFECTION dsTB active;
**0 CLINIC VISIT, $ 9;
**0 OBSV OI TB(Active);
**0 START NEW PROPH 1 for OI BCIS;
**0 START TB TREATMENT line1(fail);
  0 upd: true CD4 199, true HVL HVLvhi;
  0 mth: LM 1.00 QA 0.00, $ 19;
  1 upd: true CD4 192, true HVL HVLvhi;
  1 mth: LM 2.00 QA 0.00, $ 29;
**2 PRIMARY OI FNGM;
  2 acute OI FNGM $ 166;
**2 CLINIC VISIT, $ 166;
**2 OBSV OI FNGM;
  2 upd: true CD4 186, true HVL HVLvhi;
  2 mth: LM 3.00 QA 0.00, $ 175;
**3 CLINIC VISIT, $ 175;
  3 upd: true CD4 179, true HVL HVLvhi;
  3 mth: LM 4.00 QA 0.00, $ 185;
  4 upd: true CD4 172, true HVL HVLvhi;
  4 mth: LM 5.00 QA 0.00, $ 195;
  5 upd: true CD4 166, true HVL HVLvhi;
  5 mth: LM 6.00 QA 0.00, $ 204;
  6 CD4 TEST: obsv CD4 166, $ 214;
**6 CLINIC VISIT, $ 214;
**6 ART DRAW suppressed;
**6 INIT NEW ART 1, $ 214;
**6 START TB TREATMENT rept1(fail);
  6 upd: true CD4 219, true HVL HVL_hi;
  6 mth: LM 7.00 QA 0.00, $ 225;
  7 CD4 TEST: obsv CD4 219, $ 234;
  7 upd: true CD4 272, true HVL HVLmhi;
  7 mth: LM 8.00 QA 0.00, $ 245;
**8 PRIMARY OI OTHM;
  8 acute OI OTHM $ 371;
**8 CLINIC VISIT, $ 371;
**8 OBSV OI OTHM;
  8 upd: true CD4 278, true HVL HVLmed;
  8 mth: LM 9.00 QA 0.00, $ 382;
**9 CLINIC VISIT, $ 382;
**9 Min TOX(Other_Minor): ART 1.0
  9 upd: true CD4 285, true HVL HVLmlo;
  9 mth: LM 10.00 QA 0.00, $ 407;
**10 STOPPED Other_Minor(ART 1.0) Effects (QOL,Cost,)
  10 upd: true CD4 291, true HVL HVL_lo;
  10 mth: LM 11.00 QA 0.00, $ 418;
  11 upd: true CD4 298, true HVL HVLvlo;
  11 mth: LM 12.00 QA 0.00, $ 429;
  12 CD4 TEST: obsv CD4 298, $ 438;
**12 CLINIC VISIT, $ 438;
**12 START TB TREATMENT line2(fail);
  12 upd: true CD4 298, true HVL HVLvlo;
  12 mth: LM 13.00 QA 0.00, $ 449;
  13 upd: true CD4 298, true HVL HVLvlo;
  13 mth: LM 14.00 QA 0.00, $ 461;
  14 upd: true CD4 298, true HVL HVLvlo;
  14 mth: LM 15.00 QA 0.00, $ 472;
**15 CLINIC VISIT, $ 472;
  15 upd: true CD4 298, true HVL HVLvlo;
  15 mth: LM 16.00 QA 0.00, $ 483;
**16 PRIMARY OI PCP;
  16 acute OI PCP $ 624;
**16 CLINIC VISIT, $ 624;
**16 OBSV OI PCP;
**16 ART 1 FAIL OBSV BY OI;
**16 TAKEN OFF ART 1 by NEXT_REGIMEN_TO_START(CD4);
**16 ART DRAW suppressed;
**16 INIT NEW ART 2, $ 624;
  16 upd: true CD4 298, true HVL HVLvlo;
  16 mth: LM 17.00 QA 0.00, $ 680;
  17 CD4 TEST: obsv CD4 298, $ 690;
  17 upd: true CD4 298, true HVL HVLvlo;
  17 mth: LM 18.00 QA 0.00, $ 745;
  18 CD4 TEST: obsv CD4 298, $ 755;
**18 CLINIC VISIT, $ 755;
**18 START TB TREATMENT line3(fail);
  18 upd: true CD4 298, true HVL HVLvlo;
  18 mth: LM 19.00 QA 0.00, $ 811;
  19 upd: true CD4 298, true HVL HVLvlo;
  19 mth: LM 20.00 QA 0.00, $ 867;
  20 upd: true CD4 298, true HVL HVLvlo;
  20 mth: LM 21.00 QA 0.00, $ 922;
**21 CLINIC VISIT, $ 922;
**21 SECONDARY OI FNGM;
  21 acute OI FNGM $ 1060;
**21 CLINIC VISIT, $ 1060;
**21 OBSV OI FNGM;
  21 upd: true CD4 298, true HVL HVLvlo;
  21 mth: LM 22.00 QA 0.00, $ 1115;
  22 upd: true CD4 298, true HVL HVLvlo;
  22 mth: LM 23.00 QA 0.00, $ 1171;
  23 upd: true CD4 298, true HVL HVLvlo;
  23 mth: LM 24.00 QA 0.00, $ 1227;
  24 CD4 TEST: obsv CD4 298, $ 1236;
**24 CLINIC VISIT, $ 1236;
**24 TB TREAT STOP;
  24 upd: true CD4 298, true HVL HVLvlo;
  24 mth: LM 25.00 QA 0.00, $ 1292;
  25 upd: true CD4 298, true HVL HVLvlo;
  25 mth: LM 26.00 QA 0.00, $ 1348;
  26 upd: true CD4 298, true HVL HVLvlo;
  26 mth: LM 27.00 QA 0.00, $ 1404;
**27 CLINIC VISIT, $ 1404;
  27 upd: true CD4 298, true HVL HVLvlo;
  27 mth: LM 28.00 QA 0.00, $ 1460;
  28 upd: true CD4 298, true HVL HVLvlo;
  28 mth: LM 29.00 QA 0.00, $ 1516;
  29 upd: true CD4 298, true HVL HVLvlo;
  29 mth: LM 30.00 QA 0.00, $ 1572;
**30 ART LATE FAIL;
  30 CD4 TEST: obsv CD4 298, $ 1581;
**30 CLINIC VISIT, $ 1581;
  30 upd: true CD4 298, true HVL HVL_lo;
  30 mth: LM 31.00 QA 0.00, $ 1637;
  31 upd: true CD4 298, true HVL HVLmlo;
  31 mth: LM 32.00 QA 0.00, $ 1693;
  32 upd: true CD4 298, true HVL HVLmed;
  32 mth: LM 33.00 QA 0.00, $ 1749;
**33 CLINIC VISIT, $ 1749;
  33 upd: true CD4 293, true HVL HVLmhi;
  33 mth: LM 34.00 QA 0.00, $ 1805;
  34 upd: true CD4 288, true HVL HVL_hi;
  34 mth: LM 35.00 QA 0.00, $ 1861;
  35 upd: true CD4 282, true HVL HVLvhi;
  35 mth: LM 36.00 QA 0.00, $ 1917;
  36 CD4 TEST: obsv CD4 282, $ 1926;
**36 CLINIC VISIT, $ 1926;
  36 upd: true CD4 275, true HVL HVLvhi;
  36 mth: LM 37.00 QA 0.00, $ 1982;
  37 upd: true CD4 269, true HVL HVLvhi;
  37 mth: LM 38.00 QA 0.00, $ 2038;
  38 upd: true CD4 262, true HVL HVLvhi;
  38 mth: LM 39.00 QA 0.00, $ 2094;
**39 CLINIC VISIT, $ 2094;
**39 PRIMARY OI OTHS;
  39 acute OI OTHS $ 2200;
**39 CLINIC VISIT, $ 2200;
**39 OBSV OI OTHS;
**39 ART 2 FAIL OBSV BY OI;
**39 TAKEN OFF ART 2 by STOP_ON_FAIL();
  39 upd: true CD4 256, true HVL HVLvhi;
  39 mth: LM 40.00 QA 0.00, $ 2204;
  40 upd: true CD4 249, true HVL HVLvhi;
  40 mth: LM 41.00 QA 0.00, $ 2208;
  41 upd: true CD4 243, true HVL HVLvhi;
  41 mth: LM 42.00 QA 0.00, $ 2212;
**42 CLINIC VISIT, $ 2212;
  42 upd: true CD4 237, true HVL HVLvhi;
  42 mth: LM 43.00 QA 0.00, $ 2216;
  43 upd: true CD4 230, true HVL HVLvhi;
  43 mth: LM 44.00 QA 0.00, $ 2220;
  44 upd: true CD4 224, true HVL HVLvhi;
  44 mth: LM 45.00 QA 0.00, $ 2224;
  45 CD4 TEST: obsv CD4 224, $ 2233;
**45 CLINIC VISIT, $ 2233;
  45 upd: true CD4 218, true HVL HVLvhi;
  45 mth: LM 46.00 QA 0.00, $ 2237;
  46 upd: true CD4 211, true HVL HVLvhi;
  46 mth: LM 47.00 QA 0.00, $ 2241;
  47 upd: true CD4 205, true HVL HVLvhi;
  47 mth: LM 48.00 QA 0.00, $ 2245;
**48 CLINIC VISIT, $ 2245;
  48 upd: true CD4 199, true HVL HVLvhi;
  48 mth: LM 49.00 QA 0.00, $ 2249;
  49 upd: true CD4 192, true HVL HVLvhi;
  49 mth: LM 50.00 QA 0.00, $ 2253;
  50 upd: true CD4 185, true HVL HVLvhi;
  50 mth: LM 51.00 QA 0.00, $ 2257;
  51 CD4 TEST: obsv CD4 185, $ 2266;
**51 CLINIC VISIT, $ 2266;
  51 upd: true CD4 179, true HVL HVLvhi;
  51 mth: LM 52.00 QA 0.00, $ 2270;
  52 upd: true CD4 173, true HVL HVLvhi;
  52 mth: LM 53.00 QA 0.00, $ 2274;
**53 SECONDARY OI OTHS;
  53 acute OI OTHS $ 2380;
**53 CLINIC VISIT, $ 2380;
**53 OBSV OI OTHS;
  53 upd: true CD4 167, true HVL HVLvhi;
  53 mth: LM 54.00 QA 0.00, $ 2385;
**54 CLINIC VISIT, $ 2385;
  54 upd: true CD4 160, true HVL HVLvhi;
  54 mth: LM 55.00 QA 0.00, $ 2389;
  55 upd: true CD4 154, true HVL HVLvhi;
  55 mth: LM 56.00 QA 0.00, $ 2393;
  56 upd: true CD4 147, true HVL HVLvhi;
  56 mth: LM 57.00 QA 0.00, $ 2398;
  57 CD4 TEST: obsv CD4 147, $ 2407;
**57 CLINIC VISIT, $ 2407;
  57 upd: true CD4 141, true HVL HVLvhi;
  57 mth: LM 58.00 QA 0.00, $ 2411;
  58 upd: true CD4 135, true HVL HVLvhi;
  58 mth: LM 59.00 QA 0.00, $ 2415;
  59 upd: true CD4 128, true HVL HVLvhi;
  59 mth: LM 60.00 QA 0.00, $ 2420;
**60 CLINIC VISIT, $ 2420;
  60 upd: true CD4 121, true HVL HVLvhi;
  60 mth: LM 61.00 QA 0.00, $ 2424;
  61 upd: true CD4 115, true HVL HVLvhi;
  61 mth: LM 62.00 QA 0.00, $ 2428;
  62 upd: true CD4 109, true HVL HVLvhi;
  62 mth: LM 63.00 QA 0.00, $ 2433;
  63 CD4 TEST: obsv CD4 109, $ 2442;
**63 CLINIC VISIT, $ 2442;
  63 upd: true CD4 102, true HVL HVLvhi;
  63 mth: LM 64.00 QA 0.00, $ 2446;
  64 upd: true CD4 96, true HVL HVLvhi;
  64 mth: LM 65.00 QA 0.00, $ 2450;
  65 upd: true CD4 89, true HVL HVLvhi;
  65 mth: LM 66.00 QA 0.00, $ 2455;
**66 CLINIC VISIT, $ 2455;
  66 upd: true CD4 83, true HVL HVLvhi;
  66 mth: LM 67.00 QA 0.00, $ 2459;
  67 upd: true CD4 77, true HVL HVLvhi;
  67 mth: LM 68.00 QA 0.00, $ 2463;
  68 upd: true CD4 70, true HVL HVLvhi;
  68 mth: LM 69.00 QA 0.00, $ 2468;
  69 CD4 TEST: obsv CD4 70, $ 2477;
**69 CLINIC VISIT, $ 2477;
  69 upd: true CD4 64, true HVL HVLvhi;
  69 mth: LM 70.00 QA 0.00, $ 2481;
**70 SECONDARY OI OTHS;
  70 acute OI OTHS $ 2587;
**70 CLINIC VISIT, $ 2587;
**70 OBSV OI OTHS;
  70 upd: true CD4 58, true HVL HVLvhi;
  70 mth: LM 71.00 QA 0.00, $ 2591;
**71 DEATH chrAIDS;
  LMs 13.90 QA 0.00 $ 401 ;
  END PATIENT



BEGIN PATIENT 2
  gender: female, init age: 271 mths (22.58 yrs)
  init CD4: 0;
  init HVL: HVLmhi, setpt: HVLmhi;
  init VisitType sched, Implement proph YES art YES;
  0 CD4 TEST: obsv CD4 0, $ 9;
**0 CLINIC VISIT, $ 9;
**0 ART DRAW suppressed;
**0 INIT NEW ART 1, $ 9;
**0 START NEW PROPH 1 for OI BCIS;
**0 TB INFECTION dsTB active;
  0 CD4 TEST: obsv CD4 0, $ 18;
**0 CLINIC VISIT, $ 18;
**0 OBSV OI TB(Active);
**0 START TB TREATMENT line1(fail);
  0 upd: true CD4 53, true HVL HVLmed;
  0 mth: LM 1.00 QA 0.00, $ 42;
**1 PRIMARY OI FNGM;
  1 acute OI FNGM $ 179;
**1 CLINIC VISIT, $ 179;
**1 OBSV OI FNGM;
  1 upd: true CD4 106, true HVL HVLmlo;
  1 mth: LM 2.00 QA 0.00, $ 203;
  2 upd: true CD4 112, true HVL HVL_lo;
  2 mth: LM 3.00 QA 0.00, $ 226;
**3 CLINIC VISIT, $ 226;
**3 SECONDARY OI FNGM;
  3 acute OI FNGM $ 363;
**3 CLINIC VISIT, $ 363;
**3 OBSV OI FNGM;
  3 upd: true CD4 119, true HVL HVLvlo;
  3 mth: LM 4.00 QA 0.00, $ 387;
  4 upd: true CD4 125, true HVL HVLvlo;
  4 mth: LM 5.00 QA 0.00, $ 411;
  5 upd: true CD4 132, true HVL HVLvlo;
  5 mth: LM 6.00 QA 0.00, $ 434;
  6 CD4 TEST: obsv CD4 132, $ 443;
**6 CLINIC VISIT, $ 443;
**6 START TB TREATMENT rept1(fail);
  6 upd: true CD4 132, true HVL HVLvlo;
  6 mth: LM 7.00 QA 0.00, $ 455;
  7 upd: true CD4 132, true HVL HVLvlo;
  7 mth: LM 8.00 QA 0.00, $ 467;
  8 upd: true CD4 132, true HVL HVLvlo;
  8 mth: LM 9.00 QA 0.00, $ 478;
**9 CLINIC VISIT, $ 478;
  9 upd: true CD4 132, true HVL HVLvlo;
  9 mth: LM 10.00 QA 0.00, $ 490;
  10 upd: true CD4 132, true HVL HVLvlo;
  10 mth: LM 11.00 QA 0.00, $ 501;
  11 upd: true CD4 132, true HVL HVLvlo;
  11 mth: LM 12.00 QA 0.00, $ 513;
  12 CD4 TEST: obsv CD4 132, $ 522;
**12 CLINIC VISIT, $ 522;
**12 START TB TREATMENT line2(fail);
  12 upd: true CD4 132, true HVL HVLvlo;
  12 mth: LM 13.00 QA 0.00, $ 533;
  13 upd: true CD4 132, true HVL HVLvlo;
  13 mth: LM 14.00 QA 0.00, $ 545;
  14 upd: true CD4 132, true HVL HVLvlo;
  14 mth: LM 15.00 QA 0.00, $ 557;
**15 CLINIC VISIT, $ 557;
  15 upd: true CD4 132, true HVL HVLvlo;
  15 mth: LM 16.00 QA 0.00, $ 568;
**16 ART LATE FAIL;
  16 upd: true CD4 132, true HVL HVL_lo;
  16 mth: LM 17.00 QA 0.00, $ 580;
  17 upd: true CD4 132, true HVL HVLmlo;
  17 mth: LM 18.00 QA 0.00, $ 591;
  18 CD4 TEST: obsv CD4 132, $ 600;
**18 CLINIC VISIT, $ 600;
**18 START TB TREATMENT line3(fail);
  18 upd: true CD4 132, true HVL HVLmed;
  18 mth: LM 19.00 QA 0.00, $ 612;
  19 upd: true CD4 127, true HVL HVLmhi;
  19 mth: LM 20.00 QA 0.00, $ 623;
  20 upd: true CD4 122, true HVL HVLmhi;
  20 mth: LM 21.00 QA 0.00, $ 635;
**21 CLINIC VISIT, $ 635;
  21 upd: true CD4 116, true HVL HVLmhi;
  21 mth: LM 22.00 QA 0.00, $ 647;
**22 SECONDARY OI FNGM;
  22 acute OI FNGM $ 784;
**22 CLINIC VISIT, $ 784;
**22 OBSV OI FNGM;
  22 upd: true CD4 111, true HVL HVLmhi;
  22 mth: LM 23.00 QA 0.00, $ 795;
  23 upd: true CD4 106, true HVL HVLmhi;
  23 mth: LM 24.00 QA 0.00, $ 807;
  24 CD4 TEST: obsv CD4 106, $ 816;
**24 CLINIC VISIT, $ 816;
**24 TB TREAT STOP;
  24 upd: true CD4 100, true HVL HVLmhi;
  24 mth: LM 25.00 QA 0.00, $ 827;
  25 upd: true CD4 95, true HVL HVLmhi;
  25 mth: LM 26.00 QA 0.00, $ 839;
  26 upd: true CD4 89, true HVL HVLmhi;
  26 mth: LM 27.00 QA 0.00, $ 851;
**27 CLINIC VISIT, $ 851;
  27 upd: true CD4 84, true HVL HVLmhi;
  27 mth: LM 28.00 QA 0.00, $ 862;
  28 upd: true CD4 79, true HVL HVLmhi;
  28 mth: LM 29.00 QA 0.00, $ 874;
  29 upd: true CD4 73, true HVL HVLmhi;
  29 mth: LM 30.00 QA 0.00, $ 885;
  30 CD4 TEST: obsv CD4 73, $ 894;
**30 CLINIC VISIT, $ 894;
  30 upd: true CD4 68, true HVL HVLmhi;
  30 mth: LM 31.00 QA 0.00, $ 906;
  31 upd: true CD4 62, true HVL HVLmhi;
  31 mth: LM 32.00 QA 0.00, $ 917;
  32 upd: true CD4 57, true HVL HVLmhi;
  32 mth: LM 33.00 QA 0.00, $ 929;
**33 CLINIC VISIT, $ 929;
  33 upd: true CD4 52, true HVL HVLmhi;
  33 mth: LM 34.00 QA 0.00, $ 941;
  34 upd: true CD4 47, true HVL HVLmhi;
  34 mth: LM 35.00 QA 0.00, $ 952;
  35 upd: true CD4 42, true HVL HVLmhi;
  35 mth: LM 36.00 QA 0.00, $ 964;
  36 CD4 TEST: obsv CD4 42, $ 973;
**36 CLINIC VISIT, $ 973;
  36 upd: true CD4 36, true HVL HVLmhi;
  36 mth: LM 37.00 QA 0.00, $ 991;
  37 CD4 TEST: obsv CD4 36, $ 1000;
  37 upd: true CD4 30, true HVL HVLmhi;
  37 mth: LM 38.00 QA 0.00, $ 1018;
  38 CD4 TEST: obsv CD4 30, $ 1027;
  38 upd: true CD4 25, true HVL HVLmhi;
  38 mth: LM 39.00 QA 0.00, $ 1045;
  39 CD4 TEST: obsv CD4 25, $ 1054;
**39 CLINIC VISIT, $ 1054;
**39 ART 1 FAIL OBSV BY CD4;
**39 TAKEN OFF ART 1 by NEXT_REGIMEN_TO_START(CD4);
**39 ART DRAW suppressed;
**39 INIT NEW ART 2, $ 1054;
  39 upd: true CD4 97, true HVL HVLmed;
  39 mth: LM 40.00 QA 0.00, $ 1116;
  40 CD4 TEST: obsv CD4 97, $ 1126;
  40 upd: true CD4 132, true HVL HVLmlo;
  40 mth: LM 41.00 QA 0.00, $ 1182;
  41 upd: true CD4 132, true HVL HVL_lo;
  41 mth: LM 42.00 QA 0.00, $ 1238;
  42 CD4 TEST: obsv CD4 132, $ 1247;
**42 CLINIC VISIT, $ 1247;
  42 upd: true CD4 132, true HVL HVLvlo;
  42 mth: LM 43.00 QA 0.00, $ 1304;
  43 upd: true CD4 132, true HVL HVLvlo;
  43 mth: LM 44.00 QA 0.00, $ 1360;
  44 upd: true CD4 132, true HVL HVLvlo;
  44 mth: LM 45.00 QA 0.00, $ 1416;
**45 CLINIC VISIT, $ 1416;
  45 upd: true CD4 132, true HVL HVLvlo;
  45 mth: LM 46.00 QA 0.00, $ 1473;
  46 upd: true CD4 132, true HVL HVLvlo;
  46 mth: LM 47.00 QA 0.00, $ 1529;
  47 upd: true CD4 132, true HVL HVLvlo;
  47 mth: LM 48.00 QA 0.00, $ 1585;
  48 CD4 TEST: obsv CD4 132, $ 1594;
**48 CLINIC VISIT, $ 1594;
  48 upd: true CD4 132, true HVL HVLvlo;
  48 mth: LM 49.00 QA 0.00, $ 1651;
  49 upd: true CD4 132, true HVL HVLvlo;
  49 mth: LM 50.00 QA 0.00, $ 1707;
  50 upd: true CD4 132, true HVL HVLvlo;
  50 mth: LM 51.00 QA 0.00, $ 1763;
**51 CLINIC VISIT, $ 1763;
  51 upd: true CD4 132, true HVL HVLvlo;
  51 mth: LM 52.00 QA 0.00, $ 1820;
  52 upd: true CD4 132, true HVL HVLvlo;
  52 mth: LM 53.00 QA 0.00, $ 1876;
  53 upd: true CD4 132, true HVL HVLvlo;
  53 mth: LM 54.00 QA 0.00, $ 1932;
  54 CD4 TEST: obsv CD4 132, $ 1941;
**54 CLINIC VISIT, $ 1941;
  54 upd: true CD4 132, true HVL HVLvlo;
  54 mth: LM 55.00 QA 0.00, $ 1998;
  55 upd: true CD4 132, true HVL HVLvlo;
  55 mth: LM 56.00 QA 0.00, $ 2054;
  56 upd: true CD4 132, true HVL HVLvlo;
  56 mth: LM 57.00 QA 0.00, $ 2110;
**57 CLINIC VISIT, $ 2110;
**57 PRIMARY OI OTHM;
  57 acute OI OTHM $ 2236;
**57 CLINIC VISIT, $ 2236;
**57 OBSV OI OTHM;
  57 upd: true CD4 132, true HVL HVLvlo;
  57 mth: LM 58.00 QA 0.00, $ 2292;
**58 PRIMARY OI OTHS;
  58 acute OI OTHS $ 2398;
**58 CLINIC VISIT, $ 2398;
**58 OBSV OI OTHS;
**58 ART 2 FAIL OBSV BY OI;
**58 TAKEN OFF ART 2 by STOP_ON_FAIL();
  58 upd: true CD4 129, true HVL HVL_lo;
  58 mth: LM 59.00 QA 0.00, $ 2403;
  59 upd: true CD4 126, true HVL HVLmlo;
  59 mth: LM 60.00 QA 0.00, $ 2407;
**60 CLINIC VISIT, $ 2407;
**60 DEATH chrAIDS;
  LMs 12.80 QA 0.00 $ 502 ;
  END PATIENT



BEGIN PATIENT 3
  gender: male, init age: 362 mths (30.16 yrs)
  init CD4: 0;
  init HVL: HVLvhi, setpt: HVLvhi;
  init VisitType sched, Implement proph YES art YES;
  0 CD4 TEST: obsv CD4 0, $ 9;
**0 CLINIC VISIT, $ 9;
**0 ART DRAW suppressed;
**0 INIT NEW ART 1, $ 9;
**0 START NEW PROPH 1 for OI BCIS;
**0 TB INFECTION dsTB active;
  0 CD4 TEST: obsv CD4 0, $ 18;
**0 CLINIC VISIT, $ 18;
**0 OBSV OI TB(Active);
**0 START TB TREATMENT line1(fail);
  0 upd: true CD4 53, true HVL HVL_hi;
  0 mth: LM 1.00 QA 0.00, $ 42;
  1 upd: true CD4 106, true HVL HVLmhi;
  1 mth: LM 2.00 QA 0.00, $ 66;
  2 upd: true CD4 112, true HVL HVLmed;
  2 mth: LM 3.00 QA 0.00, $ 89;
**3 CLINIC VISIT, $ 89;
  3 upd: true CD4 119, true HVL HVLmlo;
  3 mth: LM 4.00 QA 0.00, $ 113;
  4 upd: true CD4 125, true HVL HVL_lo;
  4 mth: LM 5.00 QA 0.00, $ 137;
  5 upd: true CD4 132, true HVL HVLvlo;
  5 mth: LM 6.00 QA 0.00, $ 160;
  6 CD4 TEST: obsv CD4 132, $ 169;
**6 CLINIC VISIT, $ 169;
**6 START TB TREATMENT rept1(fail);
  6 upd: true CD4 132, true HVL HVLvlo;
  6 mth: LM 7.00 QA 0.00, $ 181;
  7 upd: true CD4 132, true HVL HVLvlo;
  7 mth: LM 8.00 QA 0.00, $ 192;
  8 upd: true CD4 132, true HVL HVLvlo;
  8 mth: LM 9.00 QA 0.00, $ 204;
**9 CLINIC VISIT, $ 204;
  9 upd: true CD4 132, true HVL HVLvlo;
  9 mth: LM 10.00 QA 0.00, $ 216;
  10 upd: true CD4 132, true HVL HVLvlo;
  10 mth: LM 11.00 QA 0.00, $ 227;
  11 upd: true CD4 132, true HVL HVLvlo;
  11 mth: LM 12.00 QA 0.00, $ 239;
  12 CD4 TEST: obsv CD4 132, $ 248;
**12 CLINIC VISIT, $ 248;
**12 START TB TREATMENT line2(fail);
  12 upd: true CD4 132, true HVL HVLvlo;
  12 mth: LM 13.00 QA 0.00, $ 259;
  13 upd: true CD4 132, true HVL HVLvlo;
  13 mth: LM 14.00 QA 0.00, $ 271;
  14 upd: true CD4 132, true HVL HVLvlo;
  14 mth: LM 15.00 QA 0.00, $ 282;
**15 CLINIC VISIT, $ 282;
  15 upd: true CD4 132, true HVL HVLvlo;
  15 mth: LM 16.00 QA 0.00, $ 294;
**16 ART LATE FAIL;
  16 upd: true CD4 132, true HVL HVL_lo;
  16 mth: LM 17.00 QA 0.00, $ 306;
  17 upd: true CD4 132, true HVL HVLmlo;
  17 mth: LM 18.00 QA 0.00, $ 317;
  18 CD4 TEST: obsv CD4 132, $ 326;
**18 CLINIC VISIT, $ 326;
**18 START TB TREATMENT line3(fail);
  18 upd: true CD4 132, true HVL HVLmed;
  18 mth: LM 19.00 QA 0.00, $ 338;
  19 upd: true CD4 127, true HVL HVLmhi;
  19 mth: LM 20.00 QA 0.00, $ 349;
  20 upd: true CD4 121, true HVL HVL_hi;
  20 mth: LM 21.00 QA 0.00, $ 361;
**21 CLINIC VISIT, $ 361;
  21 upd: true CD4 115, true HVL HVLvhi;
  21 mth: LM 22.00 QA 0.00, $ 372;
  22 upd: true CD4 109, true HVL HVLvhi;
  22 mth: LM 23.00 QA 0.00, $ 384;
  23 upd: true CD4 102, true HVL HVLvhi;
  23 mth: LM 24.00 QA 0.00, $ 396;
  24 CD4 TEST: obsv CD4 102, $ 405;
**24 CLINIC VISIT, $ 405;
**24 TB TREAT STOP;
  24 upd: true CD4 96, true HVL HVLvhi;
  24 mth: LM 25.00 QA 0.00, $ 416;
  25 upd: true CD4 89, true HVL HVLvhi;
  25 mth: LM 26.00 QA 0.00, $ 428;
  26 upd: true CD4 83, true HVL HVLvhi;
  26 mth: LM 27.00 QA 0.00, $ 439;
**27 CLINIC VISIT, $ 439;
  27 upd: true CD4 76, true HVL HVLvhi;
  27 mth: LM 28.00 QA 0.00, $ 451;
  28 upd: true CD4 70, true HVL HVLvhi;
  28 mth: LM 29.00 QA 0.00, $ 463;
  29 upd: true CD4 64, true HVL HVLvhi;
  29 mth: LM 30.00 QA 0.00, $ 474;
  30 CD4 TEST: obsv CD4 64, $ 483;
**30 CLINIC VISIT, $ 483;
  30 upd: true CD4 57, true HVL HVLvhi;
  30 mth: LM 31.00 QA 0.00, $ 495;
  31 CD4 TEST: obsv CD4 57, $ 504;
  31 upd: true CD4 50, true HVL HVLvhi;
  31 mth: LM 32.00 QA 0.00, $ 515;
  32 CD4 TEST: obsv CD4 50, $ 524;
  32 upd: true CD4 44, true HVL HVLvhi;
  32 mth: LM 33.00 QA 0.00, $ 536;
  33 CD4 TEST: obsv CD4 44, $ 545;
**33 CLINIC VISIT, $ 545;
**33 ART 1 FAIL OBSV BY CD4;
**33 TAKEN OFF ART 1 by NEXT_REGIMEN_TO_START(CD4);
**33 ART DRAW suppressed;
**33 INIT NEW ART 2, $ 545;
  33 upd: true CD4 116, true HVL HVL_hi;
  33 mth: LM 34.00 QA 0.00, $ 608;
  34 CD4 TEST: obsv CD4 116, $ 617;
  34 upd: true CD4 132, true HVL HVLmhi;
  34 mth: LM 35.00 QA 0.00, $ 673;
  35 upd: true CD4 132, true HVL HVLmed;
  35 mth: LM 36.00 QA 0.00, $ 730;
  36 CD4 TEST: obsv CD4 132, $ 739;
**36 CLINIC VISIT, $ 739;
  36 upd: true CD4 132, true HVL HVLmlo;
  36 mth: LM 37.00 QA 0.00, $ 795;
  37 upd: true CD4 132, true HVL HVL_lo;
  37 mth: LM 38.00 QA 0.00, $ 851;
**38 PRIMARY OI OTHM;
  38 acute OI OTHM $ 977;
**38 CLINIC VISIT, $ 977;
**38 OBSV OI OTHM;
  38 upd: true CD4 132, true HVL HVLvlo;
  38 mth: LM 39.00 QA 0.00, $ 1033;
**39 CLINIC VISIT, $ 1033;
  39 upd: true CD4 132, true HVL HVLvlo;
  39 mth: LM 40.00 QA 0.00, $ 1090;
  40 upd: true CD4 132, true HVL HVLvlo;
  40 mth: LM 41.00 QA 0.00, $ 1146;
  41 upd: true CD4 132, true HVL HVLvlo;
  41 mth: LM 42.00 QA 0.00, $ 1202;
**42 ART LATE FAIL;
  42 CD4 TEST: obsv CD4 132, $ 1211;
**42 CLINIC VISIT, $ 1211;
  42 upd: true CD4 132, true HVL HVL_lo;
  42 mth: LM 43.00 QA 0.00, $ 1268;
  43 upd: true CD4 132, true HVL HVLmlo;
  43 mth: LM 44.00 QA 0.00, $ 1324;
  44 upd: true CD4 132, true HVL HVLmed;
  44 mth: LM 45.00 QA 0.00, $ 1380;
**45 CLINIC VISIT, $ 1380;
  45 upd: true CD4 127, true HVL HVLmhi;
  45 mth: LM 46.00 QA 0.00, $ 1437;
**46 PRIMARY OI PCP;
  46 acute OI PCP $ 1578;
**46 CLINIC VISIT, $ 1578;
**46 OBSV OI PCP;
**46 ART 2 FAIL OBSV BY OI;
**46 TAKEN OFF ART 2 by STOP_ON_FAIL();
  46 upd: true CD4 121, true HVL HVL_hi;
  46 mth: LM 47.00 QA 0.00, $ 1582;
**47 PRIMARY OI OTHS;
  47 acute OI OTHS $ 1688;
**47 CLINIC VISIT, $ 1688;
**47 OBSV OI OTHS;
  47 upd: true CD4 115, true HVL HVLvhi;
  47 mth: LM 48.00 QA 0.00, $ 1693;
**48 CLINIC VISIT, $ 1693;
  48 upd: true CD4 108, true HVL HVLvhi;
  48 mth: LM 49.00 QA 0.00, $ 1697;
  49 upd: true CD4 102, true HVL HVLvhi;
  49 mth: LM 50.00 QA 0.00, $ 1701;
  50 upd: true CD4 96, true HVL HVLvhi;
  50 mth: LM 51.00 QA 0.00, $ 1706;
**51 CLINIC VISIT, $ 1706;
  51 upd: true CD4 90, true HVL HVLvhi;
  51 mth: LM 52.00 QA 0.00, $ 1710;
  52 upd: true CD4 83, true HVL HVLvhi;
  52 mth: LM 53.00 QA 0.00, $ 1714;
  53 upd: true CD4 77, true HVL HVLvhi;
  53 mth: LM 54.00 QA 0.00, $ 1719;
  54 CD4 TEST: obsv CD4 77, $ 1728;
**54 CLINIC VISIT, $ 1728;
  54 upd: true CD4 71, true HVL HVLvhi;
  54 mth: LM 55.00 QA 0.00, $ 1732;
  55 upd: true CD4 64, true HVL HVLvhi;
  55 mth: LM 56.00 QA 0.00, $ 1736;
  56 upd: true CD4 58, true HVL HVLvhi;
  56 mth: LM 57.00 QA 0.00, $ 1741;
**57 CLINIC VISIT, $ 1741;
  57 upd: true CD4 51, true HVL HVLvhi;
  57 mth: LM 58.00 QA 0.00, $ 1745;
**58 DEATH chrAIDS;
  LMs 11.70 QA 0.00 $ 603 ;
  END PATIENT



BEGIN PATIENT 4
  gender: female, init age: 453 mths (37.75 yrs)
  init CD4: 171;
  init HVL: HVLvhi, setpt: HVLvhi;
  init VisitType sched, Implement proph YES art YES;
  0 CD4 TEST: obsv CD4 171, $ 9;
**0 CLINIC VISIT, $ 9;
**0 ART DRAW suppressed;
**0 INIT NEW ART 1, $ 9;
**0 START NEW PROPH 1 for OI BCIS;
**0 TB INFECTION dsTB active;
  0 CD4 TEST: obsv CD4 171, $ 18;
**0 CLINIC VISIT, $ 18;
**0 OBSV OI TB(Active);
**0 START TB TREATMENT line1(fail);
  0 upd: true CD4 224, true HVL HVL_hi;
  0 mth: LM 1.00 QA 0.00, $ 36;
  1 upd: true CD4 276, true HVL HVLmhi;
  1 mth: LM 2.00 QA 0.00, $ 53;
  2 upd: true CD4 283, true HVL HVLmed;
  2 mth: LM 3.00 QA 0.00, $ 70;
**3 CLINIC VISIT, $ 70;
  3 upd: true CD4 290, true HVL HVLmlo;
  3 mth: LM 4.00 QA 0.00, $ 87;
  4 upd: true CD4 296, true HVL HVL_lo;
  4 mth: LM 5.00 QA 0.00, $ 105;
  5 upd: true CD4 303, true HVL HVLvlo;
  5 mth: LM 6.00 QA 0.00, $ 122;
  6 CD4 TEST: obsv CD4 303, $ 131;
**6 CLINIC VISIT, $ 131;
**6 START TB TREATMENT rept1(fail);
  6 upd: true CD4 303, true HVL HVLvlo;
  6 mth: LM 7.00 QA 0.00, $ 142;
**7 PRIMARY OI OTHM;
  7 acute OI OTHM $ 268;
**7 CLINIC VISIT, $ 268;
**7 OBSV OI OTHM;
  7 upd: true CD4 303, true HVL HVLvlo;
  7 mth: LM 8.00 QA 0.00, $ 279;
  8 upd: true CD4 303, true HVL HVLvlo;
  8 mth: LM 9.00 QA 0.00, $ 291;
**9 CLINIC VISIT, $ 291;
  9 upd: true CD4 303, true HVL HVLvlo;
  9 mth: LM 10.00 QA 0.00, $ 302;
  10 upd: true CD4 303, true HVL HVLvlo;
  10 mth: LM 11.00 QA 0.00, $ 313;
  11 upd: true CD4 303, true HVL HVLvlo;
  11 mth: LM 12.00 QA 0.00, $ 324;
  12 CD4 TEST: obsv CD4 303, $ 333;
**12 CLINIC VISIT, $ 333;
**12 START TB TREATMENT line2(fail);
  12 upd: true CD4 303, true HVL HVLvlo;
  12 mth: LM 13.00 QA 0.00, $ 345;
  13 upd: true CD4 303, true HVL HVLvlo;
  13 mth: LM 14.00 QA 0.00, $ 356;
**14 ART LATE FAIL;
  14 upd: true CD4 303, true HVL HVL_lo;
  14 mth: LM 15.00 QA 0.00, $ 367;
**15 CLINIC VISIT, $ 367;
  15 upd: true CD4 303, true HVL HVLmlo;
  15 mth: LM 16.00 QA 0.00, $ 378;
  16 upd: true CD4 303, true HVL HVLmed;
  16 mth: LM 17.00 QA 0.00, $ 389;
  17 upd: true CD4 298, true HVL HVLmhi;
  17 mth: LM 18.00 QA 0.00, $ 401;
  18 CD4 TEST: obsv CD4 298, $ 410;
**18 CLINIC VISIT, $ 410;
**18 START TB TREATMENT line3(fail);
  18 upd: true CD4 293, true HVL HVL_hi;
  18 mth: LM 19.00 QA 0.00, $ 421;
  19 upd: true CD4 286, true HVL HVLvhi;
  19 mth: LM 20.00 QA 0.00, $ 432;
  20 upd: true CD4 280, true HVL HVLvhi;
  20 mth: LM 21.00 QA 0.00, $ 443;
**21 CLINIC VISIT, $ 443;
  21 upd: true CD4 273, true HVL HVLvhi;
  21 mth: LM 22.00 QA 0.00, $ 455;
  22 upd: true CD4 266, true HVL HVLvhi;
  22 mth: LM 23.00 QA 0.00, $ 466;
  23 upd: true CD4 260, true HVL HVLvhi;
  23 mth: LM 24.00 QA 0.00, $ 477;
  24 CD4 TEST: obsv CD4 260, $ 486;
**24 CLINIC VISIT, $ 486;
**24 TB TREAT STOP;
  24 upd: true CD4 254, true HVL HVLvhi;
  24 mth: LM 25.00 QA 0.00, $ 497;
  25 upd: true CD4 247, true HVL HVLvhi;
  25 mth: LM 26.00 QA 0.00, $ 509;
  26 upd: true CD4 241, true HVL HVLvhi;
  26 mth: LM 27.00 QA 0.00, $ 520;
**27 CLINIC VISIT, $ 520;
  27 upd: true CD4 235, true HVL HVLvhi;
  27 mth: LM 28.00 QA 0.00, $ 531;
  28 upd: true CD4 229, true HVL HVLvhi;
  28 mth: LM 29.00 QA 0.00, $ 542;
  29 upd: true CD4 223, true HVL HVLvhi;
  29 mth: LM 30.00 QA 0.00, $ 553;
  30 CD4 TEST: obsv CD4 223, $ 562;
**30 CLINIC VISIT, $ 562;
  30 upd: true CD4 217, true HVL HVLvhi;
  30 mth: LM 31.00 QA 0.00, $ 574;
  31 upd: true CD4 211, true HVL HVLvhi;
  31 mth: LM 32.00 QA 0.00, $ 585;
  32 upd: true CD4 205, true HVL HVLvhi;
  32 mth: LM 33.00 QA 0.00, $ 596;
**33 CLINIC VISIT, $ 596;
  33 upd: true CD4 199, true HVL HVLvhi;
  33 mth: LM 34.00 QA 0.00, $ 607;
  34 upd: true CD4 192, true HVL HVLvhi;
  34 mth: LM 35.00 QA 0.00, $ 619;
  35 upd: true CD4 186, true HVL HVLvhi;
  35 mth: LM 36.00 QA 0.00, $ 630;
  36 CD4 TEST: obsv CD4 186, $ 639;
**36 CLINIC VISIT, $ 639;
  36 upd: true CD4 180, true HVL HVLvhi;
  36 mth: LM 37.00 QA 0.00, $ 650;
  37 upd: true CD4 173, true HVL HVLvhi;
  37 mth: LM 38.00 QA 0.00, $ 662;
  38 upd: true CD4 167, true HVL HVLvhi;
  38 mth: LM 39.00 QA 0.00, $ 673;
**39 CLINIC VISIT, $ 673;
**39 SECONDARY OI OTHM;
  39 acute OI OTHM $ 799;
**39 CLINIC VISIT, $ 799;
**39 OBSV OI OTHM;
  39 upd: true CD4 160, true HVL HVLvhi;
  39 mth: LM 40.00 QA 0.00, $ 811;
  40 upd: true CD4 154, true HVL HVLvhi;
  40 mth: LM 41.00 QA 0.00, $ 822;
  41 upd: true CD4 147, true HVL HVLvhi;
  41 mth: LM 42.00 QA 0.00, $ 834;
  42 CD4 TEST: obsv CD4 147, $ 843;
**42 CLINIC VISIT, $ 843;
  42 upd: true CD4 141, true HVL HVLvhi;
  42 mth: LM 43.00 QA 0.00, $ 855;
  43 CD4 TEST: obsv CD4 141, $ 864;
  43 upd: true CD4 134, true HVL HVLvhi;
  43 mth: LM 44.00 QA 0.00, $ 875;
  44 CD4 TEST: obsv CD4 134, $ 884;
  44 upd: true CD4 128, true HVL HVLvhi;
  44 mth: LM 45.00 QA 0.00, $ 896;
  45 CD4 TEST: obsv CD4 128, $ 905;
**45 CLINIC VISIT, $ 905;
**45 ART 1 FAIL OBSV BY CD4;
**45 TAKEN OFF ART 1 by NEXT_REGIMEN_TO_START(CD4);
**45 ART DRAW failure;
**45 INIT NEW ART 2, $ 905;
  45 upd: true CD4 128, true HVL HVLvhi;
  45 mth: LM 46.00 QA 0.00, $ 961;
  46 CD4 TEST: obsv CD4 128, $ 971;
  46 upd: true CD4 128, true HVL HVLvhi;
  46 mth: LM 47.00 QA 0.00, $ 1027;
  47 upd: true CD4 128, true HVL HVLvhi;
  47 mth: LM 48.00 QA 0.00, $ 1083;
  48 CD4 TEST: obsv CD4 128, $ 1092;
**48 CLINIC VISIT, $ 1092;
  48 upd: true CD4 122, true HVL HVLvhi;
  48 mth: LM 49.00 QA 0.00, $ 1149;
  49 upd: true CD4 116, true HVL HVLvhi;
  49 mth: LM 50.00 QA 0.00, $ 1205;
  50 upd: true CD4 110, true HVL HVLvhi;
  50 mth: LM 51.00 QA 0.00, $ 1261;
**51 CLINIC VISIT, $ 1261;
  51 upd: true CD4 103, true HVL HVLvhi;
  51 mth: LM 52.00 QA 0.00, $ 1317;
  52 upd: true CD4 97, true HVL HVLvhi;
  52 mth: LM 53.00 QA 0.00, $ 1374;
  53 upd: true CD4 90, true HVL HVLvhi;
  53 mth: LM 54.00 QA 0.00, $ 1430;
  54 CD4 TEST: obsv CD4 90, $ 1439;
**54 CLINIC VISIT, $ 1439;
  54 upd: true CD4 84, true HVL HVLvhi;
  54 mth: LM 55.00 QA 0.00, $ 1495;
  55 upd: true CD4 78, true HVL HVLvhi;
  55 mth: LM 56.00 QA 0.00, $ 1552;
  56 upd: true CD4 72, true HVL HVLvhi;
  56 mth: LM 57.00 QA 0.00, $ 1608;
**57 CLINIC VISIT, $ 1608;
**57 SECONDARY OI OTHM;
  57 acute OI OTHM $ 1734;
**57 CLINIC VISIT, $ 1734;
**57 OBSV OI OTHM;
  57 upd: true CD4 66, true HVL HVLvhi;
  57 mth: LM 58.00 QA 0.00, $ 1790;
  58 upd: true CD4 59, true HVL HVLvhi;
  58 mth: LM 59.00 QA 0.00, $ 1847;
  59 upd: true CD4 53, true HVL HVLvhi;
  59 mth: LM 60.00 QA 0.00, $ 1903;
  60 CD4 TEST: obsv CD4 53, $ 1912;
**60 CLINIC VISIT, $ 1912;
  60 upd: true CD4 47, true HVL HVLvhi;
  60 mth: LM 61.00 QA 0.00, $ 1968;
  61 upd: true CD4 41, true HVL HVLvhi;
  61 mth: LM 62.00 QA 0.00, $ 2025;
  62 upd: true CD4 35, true HVL HVLvhi;
  62 mth: LM 63.00 QA 0.00, $ 2081;
**63 CLINIC VISIT, $ 2081;
**63 PRIMARY OI FNGM;
  63 acute OI FNGM $ 2218;
**63 CLINIC VISIT, $ 2218;
**63 OBSV OI FNGM;
  63 upd: true CD4 28, true HVL HVLvhi;
  63 mth: LM 64.00 QA 0.00, $ 2274;
  64 upd: true CD4 22, true HVL HVLvhi;
  64 mth: LM 65.00 QA 0.00, $ 2331;
  65 upd: true CD4 15, true HVL HVLvhi;
  65 mth: LM 66.00 QA 0.00, $ 2387;
  66 CD4 TEST: obsv CD4 15, $ 2396;
**66 CLINIC VISIT, $ 2396;
  66 upd: true CD4 9, true HVL HVLvhi;
  66 mth: LM 67.00 QA 0.00, $ 2459;
  67 upd: true CD4 2, true HVL HVLvhi;
  67 mth: LM 68.00 QA 0.00, $ 2521;
  68 upd: true CD4 0, true HVL HVLvhi;
  68 mth: LM 69.00 QA 0.00, $ 2584;
**69 CLINIC VISIT, $ 2584;
  69 upd: true CD4 0, true HVL HVLvhi;
  69 mth: LM 70.00 QA 0.00, $ 2647;
  70 upd: true CD4 0, true HVL HVLvhi;
  70 mth: LM 71.00 QA 0.00, $ 2709;
  71 upd: true CD4 0, true HVL HVLvhi;
  71 mth: LM 72.00 QA 0.00, $ 2772;
  72 CD4 TEST: obsv CD4 0, $ 2781;
**72 CLINIC VISIT, $ 2781;
  72 upd: true CD4 0, true HVL HVLvhi;
  72 mth: LM 73.00 QA 0.00, $ 2844;
  73 CD4 TEST: obsv CD4 0, $ 2853;
  73 upd: true CD4 0, true HVL HVLvhi;
  73 mth: LM 74.00 QA 0.00, $ 2916;
  74 CD4 TEST: obsv CD4 0, $ 2925;
  74 upd: true CD4 0, true HVL HVLvhi;
  74 mth: LM 75.00 QA 0.00, $ 2987;
  75 CD4 TEST: obsv CD4 0, $ 2996;
**75 CLINIC VISIT, $ 2996;
**75 ART 2 FAIL OBSV BY CD4;
**75 TAKEN OFF ART 2 by STOP_ON_FAIL();
  75 upd: true CD4 0, true HVL HVLvhi;
  75 mth: LM 76.00 QA 0.00, $ 3007;
  76 upd: true CD4 0, true HVL HVLvhi;
  76 mth: LM 77.00 QA 0.00, $ 3018;
  77 upd: true CD4 0, true HVL HVLvhi;
  77 mth: LM 78.00 QA 0.00, $ 3028;
**78 CLINIC VISIT, $ 3028;
  78 upd: true CD4 0, true HVL HVLvhi;
  78 mth: LM 79.00 QA 0.00, $ 3039;
  79 upd: true CD4 0, true HVL HVLvhi;
  79 mth: LM 80.00 QA 0.00, $ 3050;
  80 upd: true CD4 0, true HVL HVLvhi;
  80 mth: LM 81.00 QA 0.00, $ 3060;
  81 CD4 TEST: obsv CD4 0, $ 3070;
**81 CLINIC VISIT, $ 3070;
  81 upd: true CD4 0, true HVL HVLvhi;
  81 mth: LM 82.00 QA 0.00, $ 3080;
  82 upd: true CD4 0, true HVL HVLvhi;
  82 mth: LM 83.00 QA 0.00, $ 3091;
  83 upd: true CD4 0, true HVL HVLvhi;
  83 mth: LM 84.00 QA 0.00, $ 3102;
**84 CLINIC VISIT, $ 3102;
  84 upd: true CD4 0, true HVL HVLvhi;
  84 mth: LM 85.00 QA 0.00, $ 3112;
  85 upd: true CD4 0, true HVL HVLvhi;
  85 mth: LM 86.00 QA 0.00, $ 3123;
  86 upd: true CD4 0, true HVL HVLvhi;
  86 mth: LM 87.00 QA 0.00, $ 3134;
  87 CD4 TEST: obsv CD4 0, $ 3143;
**87 CLINIC VISIT, $ 3143;
**87 SECONDARY OI FNGM;
  87 acute OI FNGM $ 3280;
**87 CLINIC VISIT, $ 3280;
**87 OBSV OI FNGM;
  87 upd: true CD4 0, true HVL HVLvhi;
  87 mth: LM 88.00 QA 0.00, $ 3290;
  88 upd: true CD4 0, true HVL HVLvhi;
  88 mth: LM 89.00 QA 0.00, $ 3301;
  89 upd: true CD4 0, true HVL HVLvhi;
  89 mth: LM 90.00 QA 0.00, $ 3312;
**90 CLINIC VISIT, $ 3312;
**90 DEATH chrAIDS;
  LMs 10.60 QA 0.00 $ 704 ;
  END PATIENT



BEGIN PATIENT 5
  gender: male, init age: 544 mths (42.58 yrs)
  init CD4: 113;
  init HVL: HVL_hi, setpt: HVL_hi;
  init VisitType sched, Implement proph YES art YES;
  0 CD4 TEST: obsv CD4 113, $ 9;
**0 CLINIC VISIT, $ 9;
**0 ART DRAW failure;
**0 INIT NEW ART 1, $ 9;
**0 START NEW PROPH 1 for OI BCIS;
**0 TB INFECTION dsTB active;
  0 CD4 TEST: obsv CD4 113, $ 18;
**0 CLINIC VISIT, $ 18;
**0 OBSV OI TB(Active);
**0 START TB TREATMENT line1(fail);
  0 upd: true CD4 113, true HVL HVL_hi;
  0 mth: LM 1.00 QA 0.00, $ 36;
**1 PRIMARY OI OTHS;
  1 acute OI OTHS $ 141;
**1 CLINIC VISIT, $ 141;
**1 OBSV OI OTHS;
  1 upd: true CD4 113, true HVL HVL_hi;
  1 mth: LM 2.00 QA 0.00, $ 159;
**2 PRIMARY OI FNGM;
  2 acute OI FNGM $ 296;
**2 CLINIC VISIT, $ 296;
**2 OBSV OI FNGM;
  2 upd: true CD4 113, true HVL HVL_hi;
  2 mth: LM 3.00 QA 0.00, $ 313;
**3 CLINIC VISIT, $ 313;
  3 upd: true CD4 106, true HVL HVL_hi;
  3 mth: LM 4.00 QA 0.00, $ 330;
  4 upd: true CD4 100, true HVL HVL_hi;
  4 mth: LM 5.00 QA 0.00, $ 348;
  5 upd: true CD4 94, true HVL HVL_hi;
  5 mth: LM 6.00 QA 0.00, $ 365;
  6 CD4 TEST: obsv CD4 94, $ 374;
**6 CLINIC VISIT, $ 374;
**6 START TB TREATMENT rept1(fail);
  6 upd: true CD4 87, true HVL HVL_hi;
  6 mth: LM 7.00 QA 0.00, $ 386;
  7 upd: true CD4 81, true HVL HVL_hi;
  7 mth: LM 8.00 QA 0.00, $ 397;
  8 upd: true CD4 75, true HVL HVL_hi;
  8 mth: LM 9.00 QA 0.00, $ 409;
**9 CLINIC VISIT, $ 409;
  9 upd: true CD4 69, true HVL HVL_hi;
  9 mth: LM 10.00 QA 0.00, $ 420;
  10 upd: true CD4 62, true HVL HVL_hi;
  10 mth: LM 11.00 QA 0.00, $ 432;
  11 upd: true CD4 56, true HVL HVL_hi;
  11 mth: LM 12.00 QA 0.00, $ 444;
  12 CD4 TEST: obsv CD4 56, $ 453;
**12 CLINIC VISIT, $ 453;
**12 START TB TREATMENT line2(fail);
  12 upd: true CD4 50, true HVL HVL_hi;
  12 mth: LM 13.00 QA 0.00, $ 464;
  13 CD4 TEST: obsv CD4 50, $ 473;
  13 upd: true CD4 43, true HVL HVL_hi;
  13 mth: LM 14.00 QA 0.00, $ 491;
  14 CD4 TEST: obsv CD4 43, $ 500;
  14 upd: true CD4 37, true HVL HVL_hi;
  14 mth: LM 15.00 QA 0.00, $ 518;
  15 CD4 TEST: obsv CD4 37, $ 527;
**15 CLINIC VISIT, $ 527;
**15 ART 1 FAIL OBSV BY CD4;
**15 TAKEN OFF ART 1 by NEXT_REGIMEN_TO_START(CD4);
**15 ART DRAW suppressed;
**15 INIT NEW ART 2, $ 527;
  15 upd: true CD4 109, true HVL HVLmhi;
  15 mth: LM 16.00 QA 0.00, $ 590;
  16 CD4 TEST: obsv CD4 109, $ 599;
**16 PRIMARY OI OTHM;
  16 acute OI OTHM $ 725;
**16 CLINIC VISIT, $ 725;
**16 OBSV OI OTHM;
  16 upd: true CD4 181, true HVL HVLmed;
  16 mth: LM 17.00 QA 0.00, $ 781;
  17 upd: true CD4 184, true HVL HVLmlo;
  17 mth: LM 18.00 QA 0.00, $ 838;
  18 CD4 TEST: obsv CD4 184, $ 847;
**18 CLINIC VISIT, $ 847;
**18 START TB TREATMENT line3(fail);
  18 upd: true CD4 188, true HVL HVL_lo;
  18 mth: LM 19.00 QA 0.00, $ 903;
  19 upd: true CD4 191, true HVL HVLvlo;
  19 mth: LM 20.00 QA 0.00, $ 959;
**20 SECONDARY OI FNGM;
  20 acute OI FNGM $ 1096;
**20 CLINIC VISIT, $ 1096;
**20 OBSV OI FNGM;
  20 upd: true CD4 195, true HVL HVLvlo;
  20 mth: LM 21.00 QA 0.00, $ 1153;
**21 CLINIC VISIT, $ 1153;
  21 upd: true CD4 199, true HVL HVLvlo;
  21 mth: LM 22.00 QA 0.00, $ 1209;
  22 upd: true CD4 202, true HVL HVLvlo;
  22 mth: LM 23.00 QA 0.00, $ 1265;
  23 upd: true CD4 206, true HVL HVLvlo;
  23 mth: LM 24.00 QA 0.00, $ 1322;
  24 CD4 TEST: obsv CD4 206, $ 1331;
**24 CLINIC VISIT, $ 1331;
**24 TB TREAT STOP;
  24 upd: true CD4 209, true HVL HVLvlo;
  24 mth: LM 25.00 QA 0.00, $ 1387;
  25 upd: true CD4 213, true HVL HVLvlo;
  25 mth: LM 26.00 QA 0.00, $ 1443;
  26 upd: true CD4 217, true HVL HVLvlo;
  26 mth: LM 27.00 QA 0.00, $ 1499;
**27 CLINIC VISIT, $ 1499;
  27 upd: true CD4 217, true HVL HVLvlo;
  27 mth: LM 28.00 QA 0.00, $ 1555;
  28 upd: true CD4 217, true HVL HVLvlo;
  28 mth: LM 29.00 QA 0.00, $ 1610;
  29 upd: true CD4 217, true HVL HVLvlo;
  29 mth: LM 30.00 QA 0.00, $ 1666;
  30 CD4 TEST: obsv CD4 217, $ 1676;
**30 CLINIC VISIT, $ 1676;
  30 upd: true CD4 217, true HVL HVLvlo;
  30 mth: LM 31.00 QA 0.00, $ 1732;
  31 upd: true CD4 217, true HVL HVLvlo;
  31 mth: LM 32.00 QA 0.00, $ 1787;
  32 upd: true CD4 217, true HVL HVLvlo;
  32 mth: LM 33.00 QA 0.00, $ 1843;
**33 CLINIC VISIT, $ 1843;
  33 upd: true CD4 217, true HVL HVLvlo;
  33 mth: LM 34.00 QA 0.00, $ 1899;
  34 upd: true CD4 217, true HVL HVLvlo;
  34 mth: LM 35.00 QA 0.00, $ 1955;
  35 upd: true CD4 217, true HVL HVLvlo;
  35 mth: LM 36.00 QA 0.00, $ 2011;
  36 CD4 TEST: obsv CD4 217, $ 2020;
**36 CLINIC VISIT, $ 2020;
  36 upd: true CD4 217, true HVL HVLvlo;
  36 mth: LM 37.00 QA 0.00, $ 2076;
  37 upd: true CD4 217, true HVL HVLvlo;
  37 mth: LM 38.00 QA 0.00, $ 2132;
**38 SECONDARY OI OTHS;
  38 acute OI OTHS $ 2238;
**38 CLINIC VISIT, $ 2238;
**38 OBSV OI OTHS;
**38 ART 2 FAIL OBSV BY OI;
**38 TAKEN OFF ART 2 by STOP_ON_FAIL();
  38 upd: true CD4 213, true HVL HVL_lo;
  38 mth: LM 39.00 QA 0.00, $ 2242;
**39 CLINIC VISIT, $ 2242;
  39 upd: true CD4 210, true HVL HVLmlo;
  39 mth: LM 40.00 QA 0.00, $ 2246;
  40 upd: true CD4 207, true HVL HVLmed;
  40 mth: LM 41.00 QA 0.00, $ 2250;
  41 upd: true CD4 202, true HVL HVLmhi;
  41 mth: LM 42.00 QA 0.00, $ 2254;
**42 CLINIC VISIT, $ 2254;
  42 upd: true CD4 197, true HVL HVL_hi;
  42 mth: LM 43.00 QA 0.00, $ 2258;
  43 upd: true CD4 190, true HVL HVL_hi;
  43 mth: LM 44.00 QA 0.00, $ 2262;
  44 upd: true CD4 184, true HVL HVL_hi;
  44 mth: LM 45.00 QA 0.00, $ 2266;
  45 CD4 TEST: obsv CD4 184, $ 2275;
**45 CLINIC VISIT, $ 2275;
**45 SECONDARY OI FNGM;
  45 acute OI FNGM $ 2412;
**45 CLINIC VISIT, $ 2412;
**45 OBSV OI FNGM;
  45 upd: true CD4 178, true HVL HVL_hi;
  45 mth: LM 46.00 QA 0.00, $ 2417;
  46 upd: true CD4 172, true HVL HVL_hi;
  46 mth: LM 47.00 QA 0.00, $ 2421;
  47 upd: true CD4 166, true HVL HVL_hi;
  47 mth: LM 48.00 QA 0.00, $ 2425;
**48 CLINIC VISIT, $ 2425;
  48 upd: true CD4 159, true HVL HVL_hi;
  48 mth: LM 49.00 QA 0.00, $ 2429;
  49 upd: true CD4 153, true HVL HVL_hi;
  49 mth: LM 50.00 QA 0.00, $ 2434;
  50 upd: true CD4 146, true HVL HVL_hi;
  50 mth: LM 51.00 QA 0.00, $ 2438;
  51 CD4 TEST: obsv CD4 146, $ 2447;
**51 CLINIC VISIT, $ 2447;
  51 upd: true CD4 140, true HVL HVL_hi;
  51 mth: LM 52.00 QA 0.00, $ 2451;
  52 upd: true CD4 134, true HVL HVL_hi;
  52 mth: LM 53.00 QA 0.00, $ 2456;
  53 upd: true CD4 127, true HVL HVL_hi;
  53 mth: LM 54.00 QA 0.00, $ 2460;
**54 CLINIC VISIT, $ 2460;
**54 SECONDARY OI FNGM;
  54 acute OI FNGM $ 2597;
**54 CLINIC VISIT, $ 2597;
**54 OBSV OI FNGM;
  54 upd: true CD4 120, true HVL HVL_hi;
  54 mth: LM 55.00 QA 0.00, $ 2601;
**55 PRIMARY OI TOXO;
  55 acute OI TOXO $ 2774;
**55 OI DEATH TOXO;
  LMs 14.00 QA 0.00 $ 805 ;
  END PATIENT



BEGIN PATIENT 6
  gender: female, init age: 635 mths (52.92 yrs)
  init CD4: 154;
  init HVL: HVLvhi, setpt: HVLvhi;
  init VisitType sched, Implement proph YES art YES;
  0 CD4 TEST: obsv CD4 154, $ 9;
**0 CLINIC VISIT, $ 9;
**0 ART DRAW suppressed;
**0 INIT NEW ART 1, $ 9;
**0 START NEW PROPH 1 for OI BCIS;
**0 TB INFECTION dsTB active;
  0 CD4 TEST: obsv CD4 154, $ 18;
**0 CLINIC VISIT, $ 18;
**0 OBSV OI TB(Active);
**0 START TB TREATMENT line1(fail);
  0 upd: true CD4 207, true HVL HVL_hi;
  0 mth: LM 1.00 QA 0.00, $ 36;
  1 upd: true CD4 260, true HVL HVLmhi;
  1 mth: LM 2.00 QA 0.00, $ 53;
  2 upd: true CD4 266, true HVL HVLmed;
  2 mth: LM 3.00 QA 0.00, $ 70;
**3 CLINIC VISIT, $ 70;
  3 upd: true CD4 273, true HVL HVLmlo;
  3 mth: LM 4.00 QA 0.00, $ 87;
  4 upd: true CD4 279, true HVL HVL_lo;
  4 mth: LM 5.00 QA 0.00, $ 105;
  5 upd: true CD4 286, true HVL HVLvlo;
  5 mth: LM 6.00 QA 0.00, $ 122;
  6 CD4 TEST: obsv CD4 286, $ 131;
**6 CLINIC VISIT, $ 131;
**6 START TB TREATMENT rept1(fail);
  6 upd: true CD4 286, true HVL HVLvlo;
  6 mth: LM 7.00 QA 0.00, $ 142;
  7 upd: true CD4 286, true HVL HVLvlo;
  7 mth: LM 8.00 QA 0.00, $ 154;
**8 PRIMARY OI BCIM;
  8 acute OI BCIM $ 234;
**8 CLINIC VISIT, $ 234;
**8 OBSV OI BCIM;
  8 upd: true CD4 286, true HVL HVLvlo;
  8 mth: LM 9.00 QA 0.00, $ 245;
**9 CLINIC VISIT, $ 245;
  9 upd: true CD4 286, true HVL HVLvlo;
  9 mth: LM 10.00 QA 0.00, $ 256;
**10 ART LATE FAIL;
  10 upd: true CD4 286, true HVL HVL_lo;
  10 mth: LM 11.00 QA 0.00, $ 267;
  11 upd: true CD4 286, true HVL HVLmlo;
  11 mth: LM 12.00 QA 0.00, $ 278;
  12 CD4 TEST: obsv CD4 286, $ 287;
**12 CLINIC VISIT, $ 287;
**12 START TB TREATMENT line2(fail);
  12 upd: true CD4 286, true HVL HVLmed;
  12 mth: LM 13.00 QA 0.00, $ 299;
  13 upd: true CD4 281, true HVL HVLmhi;
  13 mth: LM 14.00 QA 0.00, $ 310;
  14 upd: true CD4 276, true HVL HVL_hi;
  14 mth: LM 15.00 QA 0.00, $ 321;
**15 CLINIC VISIT, $ 321;
  15 upd: true CD4 269, true HVL HVLvhi;
  15 mth: LM 16.00 QA 0.00, $ 332;
  16 upd: true CD4 263, true HVL HVLvhi;
  16 mth: LM 17.00 QA 0.00, $ 343;
**17 PRIMARY OI OTHM;
  17 acute OI OTHM $ 469;
**17 CLINIC VISIT, $ 469;
**17 OBSV OI OTHM;
  17 upd: true CD4 257, true HVL HVLvhi;
  17 mth: LM 18.00 QA 0.00, $ 481;
  18 CD4 TEST: obsv CD4 257, $ 490;
**18 CLINIC VISIT, $ 490;
**18 START TB TREATMENT line3(fail);
  18 upd: true CD4 250, true HVL HVLvhi;
  18 mth: LM 19.00 QA 0.00, $ 501;
  19 upd: true CD4 244, true HVL HVLvhi;
  19 mth: LM 20.00 QA 0.00, $ 512;
  20 upd: true CD4 237, true HVL HVLvhi;
  20 mth: LM 21.00 QA 0.00, $ 523;
**21 CLINIC VISIT, $ 523;
  21 upd: true CD4 231, true HVL HVLvhi;
  21 mth: LM 22.00 QA 0.00, $ 534;
  22 upd: true CD4 224, true HVL HVLvhi;
  22 mth: LM 23.00 QA 0.00, $ 546;
  23 upd: true CD4 218, true HVL HVLvhi;
  23 mth: LM 24.00 QA 0.00, $ 557;
  24 CD4 TEST: obsv CD4 218, $ 566;
**24 CLINIC VISIT, $ 566;
**24 TB TREAT STOP;
  24 upd: true CD4 211, true HVL HVLvhi;
  24 mth: LM 25.00 QA 0.00, $ 577;
  25 upd: true CD4 204, true HVL HVLvhi;
  25 mth: LM 26.00 QA 0.00, $ 588;
  26 upd: true CD4 198, true HVL HVLvhi;
  26 mth: LM 27.00 QA 0.00, $ 600;
**27 CLINIC VISIT, $ 600;
  27 upd: true CD4 192, true HVL HVLvhi;
  27 mth: LM 28.00 QA 0.00, $ 611;
  28 upd: true CD4 185, true HVL HVLvhi;
  28 mth: LM 29.00 QA 0.00, $ 622;
**29 PRIMARY OI FNGM;
  29 acute OI FNGM $ 759;
**29 CLINIC VISIT, $ 759;
**29 OBSV OI FNGM;
  29 upd: true CD4 179, true HVL HVLvhi;
  29 mth: LM 30.00 QA 0.00, $ 770;
  30 CD4 TEST: obsv CD4 179, $ 779;
**30 CLINIC VISIT, $ 779;
  30 upd: true CD4 172, true HVL HVLvhi;
  30 mth: LM 31.00 QA 0.00, $ 791;
  31 upd: true CD4 165, true HVL HVLvhi;
  31 mth: LM 32.00 QA 0.00, $ 803;
  32 upd: true CD4 160, true HVL HVLvhi;
  32 mth: LM 33.00 QA 0.00, $ 814;
**33 CLINIC VISIT, $ 814;
  33 upd: true CD4 154, true HVL HVLvhi;
  33 mth: LM 34.00 QA 0.00, $ 826;
  34 upd: true CD4 148, true HVL HVLvhi;
  34 mth: LM 35.00 QA 0.00, $ 837;
  35 upd: true CD4 142, true HVL HVLvhi;
  35 mth: LM 36.00 QA 0.00, $ 849;
  36 CD4 TEST: obsv CD4 142, $ 858;
**36 CLINIC VISIT, $ 858;
  36 upd: true CD4 135, true HVL HVLvhi;
  36 mth: LM 37.00 QA 0.00, $ 869;
  37 CD4 TEST: obsv CD4 135, $ 879;
  37 upd: true CD4 129, true HVL HVLvhi;
  37 mth: LM 38.00 QA 0.00, $ 890;
  38 CD4 TEST: obsv CD4 129, $ 899;
  38 upd: true CD4 123, true HVL HVLvhi;
  38 mth: LM 39.00 QA 0.00, $ 911;
  39 CD4 TEST: obsv CD4 123, $ 920;
**39 CLINIC VISIT, $ 920;
**39 ART 1 FAIL OBSV BY CD4;
**39 TAKEN OFF ART 1 by NEXT_REGIMEN_TO_START(CD4);
**39 ART DRAW suppressed;
**39 INIT NEW ART 2, $ 920;
**39 SECONDARY OI FNGM;
  39 acute OI FNGM $ 1057;
  39 CD4 TEST: obsv CD4 123, $ 1066;
**39 CLINIC VISIT, $ 1066;
**39 OBSV OI FNGM;
  39 upd: true CD4 195, true HVL HVL_hi;
  39 mth: LM 40.00 QA 0.00, $ 1122;
  40 upd: true CD4 267, true HVL HVLmhi;
  40 mth: LM 41.00 QA 0.00, $ 1179;
**41 PRIMARY OI OTHS;
  41 acute OI OTHS $ 1285;
**41 CLINIC VISIT, $ 1285;
**41 OBSV OI OTHS;
  41 upd: true CD4 270, true HVL HVLmed;
  41 mth: LM 42.00 QA 0.00, $ 1341;
  42 CD4 TEST: obsv CD4 270, $ 1350;
**42 CLINIC VISIT, $ 1350;
  42 upd: true CD4 274, true HVL HVLmlo;
  42 mth: LM 43.00 QA 0.00, $ 1406;
  43 upd: true CD4 278, true HVL HVL_lo;
  43 mth: LM 44.00 QA 0.00, $ 1462;
  44 upd: true CD4 281, true HVL HVLvlo;
  44 mth: LM 45.00 QA 0.00, $ 1518;
**45 CLINIC VISIT, $ 1518;
  45 upd: true CD4 285, true HVL HVLvlo;
  45 mth: LM 46.00 QA 0.00, $ 1574;
  46 upd: true CD4 286, true HVL HVLvlo;
  46 mth: LM 47.00 QA 0.00, $ 1630;
  47 upd: true CD4 286, true HVL HVLvlo;
  47 mth: LM 48.00 QA 0.00, $ 1686;
  48 CD4 TEST: obsv CD4 286, $ 1695;
**48 CLINIC VISIT, $ 1695;
  48 upd: true CD4 286, true HVL HVLvlo;
  48 mth: LM 49.00 QA 0.00, $ 1751;
  49 upd: true CD4 286, true HVL HVLvlo;
  49 mth: LM 50.00 QA 0.00, $ 1807;
  50 upd: true CD4 286, true HVL HVLvlo;
  50 mth: LM 51.00 QA 0.00, $ 1863;
**51 CLINIC VISIT, $ 1863;
  51 upd: true CD4 286, true HVL HVLvlo;
  51 mth: LM 52.00 QA 0.00, $ 1919;
  52 upd: true CD4 286, true HVL HVLvlo;
  52 mth: LM 53.00 QA 0.00, $ 1975;
  53 upd: true CD4 286, true HVL HVLvlo;
  53 mth: LM 54.00 QA 0.00, $ 2031;
  54 CD4 TEST: obsv CD4 286, $ 2040;
**54 CLINIC VISIT, $ 2040;
  54 upd: true CD4 286, true HVL HVLvlo;
  54 mth: LM 55.00 QA 0.00, $ 2096;
**55 SECONDARY OI OTHS;
  55 acute OI OTHS $ 2202;
**55 CLINIC VISIT, $ 2202;
**55 OBSV OI OTHS;
**55 ART 2 FAIL OBSV BY OI;
**55 TAKEN OFF ART 2 by STOP_ON_FAIL();
  55 upd: true CD4 283, true HVL HVL_lo;
  55 mth: LM 56.00 QA 0.00, $ 2206;
  56 upd: true CD4 280, true HVL HVLmlo;
  56 mth: LM 57.00 QA 0.00, $ 2210;
**57 CLINIC VISIT, $ 2210;
  57 upd: true CD4 276, true HVL HVLmed;
  57 mth: LM 58.00 QA 0.00, $ 2214;
  58 upd: true CD4 272, true HVL HVLmhi;
  58 mth: LM 59.00 QA 0.00, $ 2218;
**59 SECONDARY OI BCIM;
  59 acute OI BCIM $ 2297;
**59 CLINIC VISIT, $ 2297;
**59 OBSV OI BCIM;
  59 upd: true CD4 267, true HVL HVL_hi;
  59 mth: LM 60.00 QA 0.00, $ 2301;
**60 CLINIC VISIT, $ 2301;
  60 upd: true CD4 260, true HVL HVLvhi;
  60 mth: LM 61.00 QA 0.00, $ 2305;
  61 upd: true CD4 254, true HVL HVLvhi;
  61 mth: LM 62.00 QA 0.00, $ 2309;
  62 upd: true CD4 248, true HVL HVLvhi;
  62 mth: LM 63.00 QA 0.00, $ 2313;
  63 CD4 TEST: obsv CD4 248, $ 2322;
**63 CLINIC VISIT, $ 2322;
  63 upd: true CD4 242, true HVL HVLvhi;
  63 mth: LM 64.00 QA 0.00, $ 2326;
  64 upd: true CD4 236, true HVL HVLvhi;
  64 mth: LM 65.00 QA 0.00, $ 2330;
**65 SECONDARY OI FNGM;
  65 acute OI FNGM $ 2467;
**65 CLINIC VISIT, $ 2467;
**65 OBSV OI FNGM;
  65 upd: true CD4 229, true HVL HVLvhi;
  65 mth: LM 66.00 QA 0.00, $ 2471;
**66 CLINIC VISIT, $ 2471;
  66 upd: true CD4 223, true HVL HVLvhi;
  66 mth: LM 67.00 QA 0.00, $ 2475;
  67 upd: true CD4 216, true HVL HVLvhi;
  67 mth: LM 68.00 QA 0.00, $ 2479;
  68 upd: true CD4 209, true HVL HVLvhi;
  68 mth: LM 69.00 QA 0.00, $ 2483;
  69 CD4 TEST: obsv CD4 209, $ 2492;
**69 CLINIC VISIT, $ 2492;
  69 upd: true CD4 203, true HVL HVLvhi;
  69 mth: LM 70.00 QA 0.00, $ 2496;
**70 SECONDARY OI FNGM;
  70 acute OI FNGM $ 2633;
**70 CLINIC VISIT, $ 2633;
**70 OBSV OI FNGM;
  70 upd: true CD4 196, true HVL HVLvhi;
  70 mth: LM 71.00 QA 0.00, $ 2637;
  71 upd: true CD4 190, true HVL HVLvhi;
  71 mth: LM 72.00 QA 0.00, $ 2641;
**72 CLINIC VISIT, $ 2641;
**72 SECONDARY OI FNGM;
  72 acute OI FNGM $ 2778;
**72 CLINIC VISIT, $ 2778;
**72 OBSV OI FNGM;
  72 upd: true CD4 184, true HVL HVLvhi;
  72 mth: LM 73.00 QA 0.00, $ 2782;
  73 upd: true CD4 177, true HVL HVLvhi;
  73 mth: LM 74.00 QA 0.00, $ 2786;
  74 upd: true CD4 171, true HVL HVLvhi;
  74 mth: LM 75.00 QA 0.00, $ 2790;
  75 CD4 TEST: obsv CD4 171, $ 2799;
**75 CLINIC VISIT, $ 2799;
  75 upd: true CD4 164, true HVL HVLvhi;
  75 mth: LM 76.00 QA 0.00, $ 2804;
  76 upd: true CD4 157, true HVL HVLvhi;
  76 mth: LM 77.00 QA 0.00, $ 2808;
  77 upd: true CD4 151, true HVL HVLvhi;
  77 mth: LM 78.00 QA 0.00, $ 2812;
**78 CLINIC VISIT, $ 2812;
**78 DEATH chrAIDS;
  LMs 15.10 QA 0.00 $ 906 ;
  END PATIENT



BEGIN PATIENT 7
  gender: male, init age: 726 mths (60.50 yrs)
  init CD4: 122;
  init HVL: HVLvhi, setpt: HVLvhi;
  init VisitType sched, Implement proph YES art YES;
  0 CD4 TEST: obsv CD4 122, $ 9;
**0 CLINIC VISIT, $ 9;
**0 ART DRAW suppressed;
**0 INIT NEW ART 1, $ 9;
**0 START NEW PROPH 1 for OI BCIS;
**0 TB INFECTION dsTB active;
  0 CD4 TEST: obsv CD4 122, $ 18;
**0 CLINIC VISIT, $ 18;
**0 OBSV OI TB(Active);
**0 START TB TREATMENT line1(fail);
  0 upd: true CD4 175, true HVL HVL_hi;
  0 mth: LM 1.00 QA 0.00, $ 36;
  1 upd: true CD4 228, true HVL HVLmhi;
  1 mth: LM 2.00 QA 0.00, $ 53;
  2 upd: true CD4 235, true HVL HVLmed;
  2 mth: LM 3.00 QA 0.00, $ 70;
**3 CLINIC VISIT, $ 70;
**3 PRIMARY OI OTHM;
  3 acute OI OTHM $ 196;
**3 CLINIC VISIT, $ 196;
**3 OBSV OI OTHM;
  3 upd: true CD4 241, true HVL HVLmlo;
  3 mth: LM 4.00 QA 0.00, $ 213;
  4 upd: true CD4 248, true HVL HVL_lo;
  4 mth: LM 5.00 QA 0.00, $ 231;
  5 upd: true CD4 254, true HVL HVLvlo;
  5 mth: LM 6.00 QA 0.00, $ 248;
  6 CD4 TEST: obsv CD4 254, $ 257;
**6 CLINIC VISIT, $ 257;
**6 START TB TREATMENT rept1(fail);
  6 upd: true CD4 254, true HVL HVLvlo;
  6 mth: LM 7.00 QA 0.00, $ 268;
  7 upd: true CD4 254, true HVL HVLvlo;
  7 mth: LM 8.00 QA 0.00, $ 279;
  8 upd: true CD4 254, true HVL HVLvlo;
  8 mth: LM 9.00 QA 0.00, $ 291;
**9 CLINIC VISIT, $ 291;
  9 upd: true CD4 254, true HVL HVLvlo;
  9 mth: LM 10.00 QA 0.00, $ 302;
  10 upd: true CD4 254, true HVL HVLvlo;
  10 mth: LM 11.00 QA 0.00, $ 313;
  11 upd: true CD4 254, true HVL HVLvlo;
  11 mth: LM 12.00 QA 0.00, $ 324;
  12 CD4 TEST: obsv CD4 254, $ 333;
**12 CLINIC VISIT, $ 333;
**12 START TB TREATMENT line2(fail);
  12 upd: true CD4 254, true HVL HVLvlo;
  12 mth: LM 13.00 QA 0.00, $ 345;
  13 upd: true CD4 254, true HVL HVLvlo;
  13 mth: LM 14.00 QA 0.00, $ 356;
**14 SECONDARY OI OTHM;
  14 acute OI OTHM $ 482;
**14 CLINIC VISIT, $ 482;
**14 OBSV OI OTHM;
  14 upd: true CD4 254, true HVL HVLvlo;
  14 mth: LM 15.00 QA 0.00, $ 493;
**15 CLINIC VISIT, $ 493;
  15 upd: true CD4 254, true HVL HVLvlo;
  15 mth: LM 16.00 QA 0.00, $ 504;
  16 upd: true CD4 254, true HVL HVLvlo;
  16 mth: LM 17.00 QA 0.00, $ 515;
**17 SECONDARY OI OTHM;
  17 acute OI OTHM $ 641;
**17 CLINIC VISIT, $ 641;
**17 OBSV OI OTHM;
  17 upd: true CD4 254, true HVL HVLvlo;
  17 mth: LM 18.00 QA 0.00, $ 652;
  18 CD4 TEST: obsv CD4 254, $ 661;
**18 CLINIC VISIT, $ 661;
**18 START TB TREATMENT line3(fail);
  18 upd: true CD4 254, true HVL HVLvlo;
  18 mth: LM 19.00 QA 0.00, $ 673;
  19 upd: true CD4 254, true HVL HVLvlo;
  19 mth: LM 20.00 QA 0.00, $ 684;
  20 upd: true CD4 254, true HVL HVLvlo;
  20 mth: LM 21.00 QA 0.00, $ 695;
**21 CLINIC VISIT, $ 695;
  21 upd: true CD4 254, true HVL HVLvlo;
  21 mth: LM 22.00 QA 0.00, $ 706;
**22 ART LATE FAIL;
  22 upd: true CD4 254, true HVL HVL_lo;
  22 mth: LM 23.00 QA 0.00, $ 717;
  23 upd: true CD4 254, true HVL HVLmlo;
  23 mth: LM 24.00 QA 0.00, $ 729;
  24 CD4 TEST: obsv CD4 254, $ 738;
**24 CLINIC VISIT, $ 738;
**24 TB TREAT STOP;
  24 upd: true CD4 254, true HVL HVLmed;
  24 mth: LM 25.00 QA 0.00, $ 749;
  25 upd: true CD4 250, true HVL HVLmhi;
  25 mth: LM 26.00 QA 0.00, $ 760;
  26 upd: true CD4 244, true HVL HVL_hi;
  26 mth: LM 27.00 QA 0.00, $ 771;
**27 CLINIC VISIT, $ 771;
  27 upd: true CD4 238, true HVL HVLvhi;
  27 mth: LM 28.00 QA 0.00, $ 783;
  28 upd: true CD4 232, true HVL HVLvhi;
  28 mth: LM 29.00 QA 0.00, $ 794;
  29 upd: true CD4 226, true HVL HVLvhi;
  29 mth: LM 30.00 QA 0.00, $ 805;
  30 CD4 TEST: obsv CD4 226, $ 814;
**30 CLINIC VISIT, $ 814;
  30 upd: true CD4 219, true HVL HVLvhi;
  30 mth: LM 31.00 QA 0.00, $ 825;
  31 upd: true CD4 212, true HVL HVLvhi;
  31 mth: LM 32.00 QA 0.00, $ 837;
  32 upd: true CD4 205, true HVL HVLvhi;
  32 mth: LM 33.00 QA 0.00, $ 848;
**33 CLINIC VISIT, $ 848;
  33 upd: true CD4 199, true HVL HVLvhi;
  33 mth: LM 34.00 QA 0.00, $ 859;
  34 upd: true CD4 192, true HVL HVLvhi;
  34 mth: LM 35.00 QA 0.00, $ 870;
  35 upd: true CD4 186, true HVL HVLvhi;
  35 mth: LM 36.00 QA 0.00, $ 881;
  36 CD4 TEST: obsv CD4 186, $ 891;
**36 CLINIC VISIT, $ 891;
**36 PRIMARY OI OTHS;
  36 acute OI OTHS $ 996;
**36 CLINIC VISIT, $ 996;
**36 OBSV OI OTHS;
**36 ART 1 FAIL OBSV BY OI;
**36 TAKEN OFF ART 1 by NEXT_REGIMEN_TO_START(CD4);
**36 ART DRAW suppressed;
**36 INIT NEW ART 2, $ 996;
  36 upd: true CD4 254, true HVL HVL_hi;
  36 mth: LM 37.00 QA 0.00, $ 1053;
  37 CD4 TEST: obsv CD4 254, $ 1062;
  37 upd: true CD4 254, true HVL HVLmhi;
  37 mth: LM 38.00 QA 0.00, $ 1118;
  38 upd: true CD4 254, true HVL HVLmed;
  38 mth: LM 39.00 QA 0.00, $ 1174;
**39 CLINIC VISIT, $ 1174;
  39 upd: true CD4 254, true HVL HVLmlo;
  39 mth: LM 40.00 QA 0.00, $ 1230;
  40 upd: true CD4 254, true HVL HVL_lo;
  40 mth: LM 41.00 QA 0.00, $ 1286;
  41 upd: true CD4 254, true HVL HVLvlo;
  41 mth: LM 42.00 QA 0.00, $ 1342;
  42 CD4 TEST: obsv CD4 254, $ 1351;
**42 CLINIC VISIT, $ 1351;
  42 upd: true CD4 254, true HVL HVLvlo;
  42 mth: LM 43.00 QA 0.00, $ 1407;
  43 upd: true CD4 254, true HVL HVLvlo;
  43 mth: LM 44.00 QA 0.00, $ 1463;
  44 upd: true CD4 254, true HVL HVLvlo;
  44 mth: LM 45.00 QA 0.00, $ 1519;
**45 CLINIC VISIT, $ 1519;
  45 upd: true CD4 254, true HVL HVLvlo;
  45 mth: LM 46.00 QA 0.00, $ 1575;
  46 upd: true CD4 254, true HVL HVLvlo;
  46 mth: LM 47.00 QA 0.00, $ 1631;
  47 upd: true CD4 254, true HVL HVLvlo;
  47 mth: LM 48.00 QA 0.00, $ 1687;
  48 CD4 TEST: obsv CD4 254, $ 1696;
**48 CLINIC VISIT, $ 1696;
  48 upd: true CD4 254, true HVL HVLvlo;
  48 mth: LM 49.00 QA 0.00, $ 1752;
  49 upd: true CD4 254, true HVL HVLvlo;
  49 mth: LM 50.00 QA 0.00, $ 1808;
  50 upd: true CD4 254, true HVL HVLvlo;
  50 mth: LM 51.00 QA 0.00, $ 1864;
**51 CLINIC VISIT, $ 1864;
  51 upd: true CD4 254, true HVL HVLvlo;
  51 mth: LM 52.00 QA 0.00, $ 1920;
  52 upd: true CD4 254, true HVL HVLvlo;
  52 mth: LM 53.00 QA 0.00, $ 1975;
  53 upd: true CD4 254, true HVL HVLvlo;
  53 mth: LM 54.00 QA 0.00, $ 2031;
  54 CD4 TEST: obsv CD4 254, $ 2041;
**54 CLINIC VISIT, $ 2041;
  54 upd: true CD4 254, true HVL HVLvlo;
  54 mth: LM 55.00 QA 0.00, $ 2096;
  55 upd: true CD4 254, true HVL HVLvlo;
  55 mth: LM 56.00 QA 0.00, $ 2152;
  56 upd: true CD4 254, true HVL HVLvlo;
  56 mth: LM 57.00 QA 0.00, $ 2208;
**57 CLINIC VISIT, $ 2208;
  57 upd: true CD4 254, true HVL HVLvlo;
  57 mth: LM 58.00 QA 0.00, $ 2264;
  58 upd: true CD4 254, true HVL HVLvlo;
  58 mth: LM 59.00 QA 0.00, $ 2320;
  59 upd: true CD4 254, true HVL HVLvlo;
  59 mth: LM 60.00 QA 0.00, $ 2376;
  60 CD4 TEST: obsv CD4 254, $ 2385;
**60 CLINIC VISIT, $ 2385;
  60 upd: true CD4 254, true HVL HVLvlo;
  60 mth: LM 61.00 QA 0.00, $ 2441;
  61 upd: true CD4 254, true HVL HVLvlo;
  61 mth: LM 62.00 QA 0.00, $ 2497;
  62 upd: true CD4 254, true HVL HVLvlo;
  62 mth: LM 63.00 QA 0.00, $ 2553;
**63 CLINIC VISIT, $ 2553;
  63 upd: true CD4 254, true HVL HVLvlo;
  63 mth: LM 64.00 QA 0.00, $ 2609;
  64 upd: true CD4 254, true HVL HVLvlo;
  64 mth: LM 65.00 QA 0.00, $ 2665;
  65 upd: true CD4 254, true HVL HVLvlo;
  65 mth: LM 66.00 QA 0.00, $ 2721;
**66 ART LATE FAIL;
  66 CD4 TEST: obsv CD4 254, $ 2730;
**66 CLINIC VISIT, $ 2730;
  66 upd: true CD4 254, true HVL HVL_lo;
  66 mth: LM 67.00 QA 0.00, $ 2786;
  67 upd: true CD4 254, true HVL HVLmlo;
  67 mth: LM 68.00 QA 0.00, $ 2842;
  68 upd: true CD4 254, true HVL HVLmed;
  68 mth: LM 69.00 QA 0.00, $ 2898;
**69 CLINIC VISIT, $ 2898;
  69 upd: true CD4 250, true HVL HVLmhi;
  69 mth: LM 70.00 QA 0.00, $ 2954;
  70 upd: true CD4 244, true HVL HVL_hi;
  70 mth: LM 71.00 QA 0.00, $ 3010;
  71 upd: true CD4 238, true HVL HVLvhi;
  71 mth: LM 72.00 QA 0.00, $ 3066;
  72 CD4 TEST: obsv CD4 238, $ 3075;
**72 CLINIC VISIT, $ 3075;
**72 PRIMARY OI BCIM;
  72 acute OI BCIM $ 3155;
**72 CLINIC VISIT, $ 3155;
**72 OBSV OI BCIM;
  72 upd: true CD4 232, true HVL HVLvhi;
  72 mth: LM 73.00 QA 0.00, $ 3211;
  73 upd: true CD4 226, true HVL HVLvhi;
  73 mth: LM 74.00 QA 0.00, $ 3267;
  74 upd: true CD4 219, true HVL HVLvhi;
  74 mth: LM 75.00 QA 0.00, $ 3323;
**75 CLINIC VISIT, $ 3323;
  75 upd: true CD4 213, true HVL HVLvhi;
  75 mth: LM 76.00 QA 0.00, $ 3379;
  76 upd: true CD4 207, true HVL HVLvhi;
  76 mth: LM 77.00 QA 0.00, $ 3435;
  77 upd: true CD4 201, true HVL HVLvhi;
  77 mth: LM 78.00 QA 0.00, $ 3491;
  78 CD4 TEST: obsv CD4 201, $ 3500;
**78 CLINIC VISIT, $ 3500;
  78 upd: true CD4 195, true HVL HVLvhi;
  78 mth: LM 79.00 QA 0.00, $ 3556;
  79 upd: true CD4 189, true HVL HVLvhi;
  79 mth: LM 80.00 QA 0.00, $ 3612;
  80 upd: true CD4 183, true HVL HVLvhi;
  80 mth: LM 81.00 QA 0.00, $ 3668;
**81 CLINIC VISIT, $ 3668;
  81 upd: true CD4 176, true HVL HVLvhi;
  81 mth: LM 82.00 QA 0.00, $ 3724;
  82 upd: true CD4 170, true HVL HVLvhi;
  82 mth: LM 83.00 QA 0.00, $ 3780;
  83 upd: true CD4 164, true HVL HVLvhi;
  83 mth: LM 84.00 QA 0.00, $ 3836;
  84 CD4 TEST: obsv CD4 164, $ 3845;
**84 CLINIC VISIT, $ 3845;
  84 upd: true CD4 157, true HVL HVLvhi;
  84 mth: LM 85.00 QA 0.00, $ 3901;
  85 upd: true CD4 151, true HVL HVLvhi;
  85 mth: LM 86.00 QA 0.00, $ 3957;
  86 upd: true CD4 145, true HVL HVLvhi;
  86 mth: LM 87.00 QA 0.00, $ 4014;
**87 CLINIC VISIT, $ 4014;
  87 upd: true CD4 139, true HVL HVLvhi;
  87 mth: LM 88.00 QA 0.00, $ 4070;
  88 upd: true CD4 133, true HVL HVLvhi;
  88 mth: LM 89.00 QA 0.00, $ 4126;
  89 upd: true CD4 126, true HVL HVLvhi;
  89 mth: LM 90.00 QA 0.00, $ 4183;
  90 CD4 TEST: obsv CD4 126, $ 4192;
**90 CLINIC VISIT, $ 4192;
  90 upd: true CD4 120, true HVL HVLvhi;
  90 mth: LM 91.00 QA 0.00, $ 4248;
  91 upd: true CD4 114, true HVL HVLvhi;
  91 mth: LM 92.00 QA 0.00, $ 4304;
  92 upd: true CD4 107, true HVL HVLvhi;
  92 mth: LM 93.00 QA 0.00, $ 4361;
**93 CLINIC VISIT, $ 4361;
  93 upd: true CD4 101, true HVL HVLvhi;
  93 mth: LM 94.00 QA 0.00, $ 4417;
  94 upd: true CD4 94, true HVL HVLvhi;
  94 mth: LM 95.00 QA 0.00, $ 4473;
  95 upd: true CD4 88, true HVL HVLvhi;
  95 mth: LM 96.00 QA 0.00, $ 4530;
  96 CD4 TEST: obsv CD4 88, $ 4539;
**96 CLINIC VISIT, $ 4539;
  96 upd: true CD4 81, true HVL HVLvhi;
  96 mth: LM 97.00 QA 0.00, $ 4595;
  97 upd: true CD4 75, true HVL HVLvhi;
  97 mth: LM 98.00 QA 0.00, $ 4651;
  98 upd: true CD4 68, true HVL HVLvhi;
  98 mth: LM 99.00 QA 0.00, $ 4708;
**99 CLINIC VISIT, $ 4708;
  99 upd: true CD4 62, true HVL HVLvhi;
  99 mth: LM 100.00 QA 0.00, $ 4764;
**100 PRIMARY OI FNGS;
  100 acute OI FNGS $ 4969;
**100 CLINIC VISIT, $ 4969;
**100 OBSV OI FNGS;
**100 ART 2 FAIL OBSV BY OI;
**100 TAKEN OFF ART 2 by STOP_ON_FAIL();
  100 upd: true CD4 56, true HVL HVLvhi;
  100 mth: LM 101.00 QA 0.00, $ 4973;
  101 upd: true CD4 49, true HVL HVLvhi;
  101 mth: LM 102.00 QA 0.00, $ 4978;
**102 CLINIC VISIT, $ 4978;
  102 upd: true CD4 43, true HVL HVLvhi;
  102 mth: LM 103.00 QA 0.00, $ 4982;
**103 PRIMARY OI FNGM;
  103 acute OI FNGM $ 5119;
**103 CLINIC VISIT, $ 5119;
**103 OBSV OI FNGM;
  103 upd: true CD4 36, true HVL HVLvhi;
  103 mth: LM 104.00 QA 0.00, $ 5123;
**104 SECONDARY OI FNGM;
  104 acute OI FNGM $ 5260;
**104 CLINIC VISIT, $ 5260;
**104 OBSV OI FNGM;
  104 upd: true CD4 30, true HVL HVLvhi;
  104 mth: LM 105.00 QA 0.00, $ 5265;
**105 CLINIC VISIT, $ 5265;
  105 upd: true CD4 23, true HVL HVLvhi;
  105 mth: LM 106.00 QA 0.00, $ 5269;
  106 upd: true CD4 17, true HVL HVLvhi;
  106 mth: LM 107.00 QA 0.00, $ 5273;
  107 upd: true CD4 11, true HVL HVLvhi;
  107 mth: LM 108.00 QA 0.00, $ 5278;
  108 CD4 TEST: obsv CD4 11, $ 5287;
**108 CLINIC VISIT, $ 5287;
  108 upd: true CD4 5, true HVL HVLvhi;
  108 mth: LM 109.00 QA 0.00, $ 5297;
  109 upd: true CD4 0, true HVL HVLvhi;
  109 mth: LM 110.00 QA 0.00, $ 5308;
  110 upd: true CD4 0, true HVL HVLvhi;
  110 mth: LM 111.00 QA 0.00, $ 5319;
**111 CLINIC VISIT, $ 5319;
**111 DEATH chrAIDS;
  LMs 16.20 QA 0.00 $ 1010 ;
  END PATIENT



BEGIN PATIENT 8
  gender: female, init age: 817 mths (68.08 yrs)
  init CD4: 435;
  init HVL: HVLvhi, setpt: HVLvhi;
  init VisitType sched, Implement proph YES art YES;
  0 CD4 TEST: obsv CD4 435, $ 9;
**0 CLINIC VISIT, $ 9;
**0 TB INFECTION dsTB active;
**0 CLINIC VISIT, $ 9;
**0 OBSV OI TB(Active);
**0 START NEW PROPH 1 for OI BCIS;
**0 START TB TREATMENT line1(fail);
  0 upd: true CD4 429, true HVL HVLvhi;
  0 mth: LM 1.00 QA 0.00, $ 19;
  1 upd: true CD4 423, true HVL HVLvhi;
  1 mth: LM 2.00 QA 0.00, $ 29;
  2 upd: true CD4 417, true HVL HVLvhi;
  2 mth: LM 3.00 QA 0.00, $ 39;
**3 CLINIC VISIT, $ 39;
  3 upd: true CD4 410, true HVL HVLvhi;
  3 mth: LM 4.00 QA 0.00, $ 48;
  4 upd: true CD4 404, true HVL HVLvhi;
  4 mth: LM 5.00 QA 0.00, $ 58;
  5 upd: true CD4 398, true HVL HVLvhi;
  5 mth: LM 6.00 QA 0.00, $ 68;
  6 CD4 TEST: obsv CD4 398, $ 77;
**6 CLINIC VISIT, $ 77;
**6 START TB TREATMENT rept1(fail);
  6 upd: true CD4 391, true HVL HVLvhi;
  6 mth: LM 7.00 QA 0.00, $ 81;
**7 PRIMARY OI BCIM;
  7 acute OI BCIM $ 161;
**7 CLINIC VISIT, $ 161;
**7 OBSV OI BCIM;
  7 upd: true CD4 385, true HVL HVLvhi;
  7 mth: LM 8.00 QA 0.00, $ 165;
  8 upd: true CD4 378, true HVL HVLvhi;
  8 mth: LM 9.00 QA 0.00, $ 169;
**9 CLINIC VISIT, $ 169;
  9 upd: true CD4 372, true HVL HVLvhi;
  9 mth: LM 10.00 QA 0.00, $ 174;
  10 upd: true CD4 365, true HVL HVLvhi;
  10 mth: LM 11.00 QA 0.00, $ 178;
  11 upd: true CD4 359, true HVL HVLvhi;
  11 mth: LM 12.00 QA 0.00, $ 182;
  12 CD4 TEST: obsv CD4 359, $ 191;
**12 CLINIC VISIT, $ 191;
**12 START TB TREATMENT line2(fail);
  12 upd: true CD4 352, true HVL HVLvhi;
  12 mth: LM 13.00 QA 0.00, $ 195;
**13 PRIMARY OI OTHM;
  13 acute OI OTHM $ 321;
**13 CLINIC VISIT, $ 321;
**13 OBSV OI OTHM;
**13 ART DRAW suppressed;
**13 INIT NEW ART 1, $ 321;
  13 upd: true CD4 405, true HVL HVL_hi;
  13 mth: LM 14.00 QA 0.00, $ 332;
  14 CD4 TEST: obsv CD4 405, $ 341;
  14 upd: true CD4 458, true HVL HVLmhi;
  14 mth: LM 15.00 QA 0.00, $ 353;
**15 CLINIC VISIT, $ 353;
  15 upd: true CD4 464, true HVL HVLmed;
  15 mth: LM 16.00 QA 0.00, $ 364;
  16 upd: true CD4 471, true HVL HVLmlo;
  16 mth: LM 17.00 QA 0.00, $ 375;
  17 upd: true CD4 478, true HVL HVL_lo;
  17 mth: LM 18.00 QA 0.00, $ 387;
  18 CD4 TEST: obsv CD4 478, $ 396;
**18 CLINIC VISIT, $ 396;
**18 START TB TREATMENT line3(fail);
  18 upd: true CD4 484, true HVL HVLvlo;
  18 mth: LM 19.00 QA 0.00, $ 407;
  19 upd: true CD4 484, true HVL HVLvlo;
  19 mth: LM 20.00 QA 0.00, $ 418;
**20 PRIMARY OI FNGM;
  20 acute OI FNGM $ 555;
**20 CLINIC VISIT, $ 555;
**20 OBSV OI FNGM;
  20 upd: true CD4 484, true HVL HVLvlo;
  20 mth: LM 21.00 QA 0.00, $ 567;
**21 CLINIC VISIT, $ 567;
  21 upd: true CD4 484, true HVL HVLvlo;
  21 mth: LM 22.00 QA 0.00, $ 578;
  22 upd: true CD4 484, true HVL HVLvlo;
  22 mth: LM 23.00 QA 0.00, $ 589;
  23 upd: true CD4 484, true HVL HVLvlo;
  23 mth: LM 24.00 QA 0.00, $ 601;
  24 CD4 TEST: obsv CD4 484, $ 610;
**24 CLINIC VISIT, $ 610;
**24 TB TREAT STOP;
  24 upd: true CD4 484, true HVL HVLvlo;
  24 mth: LM 25.00 QA 0.00, $ 621;
  25 upd: true CD4 484, true HVL HVLvlo;
  25 mth: LM 26.00 QA 0.00, $ 633;
  26 upd: true CD4 484, true HVL HVLvlo;
  26 mth: LM 27.00 QA 0.00, $ 644;
**27 CLINIC VISIT, $ 644;
  27 upd: true CD4 484, true HVL HVLvlo;
  27 mth: LM 28.00 QA 0.00, $ 655;
  28 upd: true CD4 484, true HVL HVLvlo;
  28 mth: LM 29.00 QA 0.00, $ 667;
  29 upd: true CD4 484, true HVL HVLvlo;
  29 mth: LM 30.00 QA 0.00, $ 678;
  30 CD4 TEST: obsv CD4 484, $ 687;
**30 CLINIC VISIT, $ 687;
  30 upd: true CD4 484, true HVL HVLvlo;
  30 mth: LM 31.00 QA 0.00, $ 698;
  31 upd: true CD4 484, true HVL HVLvlo;
  31 mth: LM 32.00 QA 0.00, $ 710;
  32 upd: true CD4 484, true HVL HVLvlo;
  32 mth: LM 33.00 QA 0.00, $ 721;
**33 CLINIC VISIT, $ 721;
  33 upd: true CD4 484, true HVL HVLvlo;
  33 mth: LM 34.00 QA 0.00, $ 732;
  34 upd: true CD4 484, true HVL HVLvlo;
  34 mth: LM 35.00 QA 0.00, $ 744;
  35 upd: true CD4 484, true HVL HVLvlo;
  35 mth: LM 36.00 QA 0.00, $ 755;
  36 CD4 TEST: obsv CD4 484, $ 764;
**36 CLINIC VISIT, $ 764;
  36 upd: true CD4 484, true HVL HVLvlo;
  36 mth: LM 37.00 QA 0.00, $ 775;
**37 ART LATE FAIL;
  37 upd: true CD4 484, true HVL HVL_lo;
  37 mth: LM 38.00 QA 0.00, $ 787;
  38 upd: true CD4 484, true HVL HVLmlo;
  38 mth: LM 39.00 QA 0.00, $ 798;
**39 CLINIC VISIT, $ 798;
  39 upd: true CD4 484, true HVL HVLmed;
  39 mth: LM 40.00 QA 0.00, $ 809;
  40 upd: true CD4 479, true HVL HVLmhi;
  40 mth: LM 41.00 QA 0.00, $ 821;
  41 upd: true CD4 474, true HVL HVL_hi;
  41 mth: LM 42.00 QA 0.00, $ 832;
  42 CD4 TEST: obsv CD4 474, $ 841;
**42 CLINIC VISIT, $ 841;
  42 upd: true CD4 467, true HVL HVLvhi;
  42 mth: LM 43.00 QA 0.00, $ 853;
  43 upd: true CD4 461, true HVL HVLvhi;
  43 mth: LM 44.00 QA 0.00, $ 864;
  44 upd: true CD4 455, true HVL HVLvhi;
  44 mth: LM 45.00 QA 0.00, $ 875;
**45 CLINIC VISIT, $ 875;
  45 upd: true CD4 448, true HVL HVLvhi;
  45 mth: LM 46.00 QA 0.00, $ 887;
  46 upd: true CD4 442, true HVL HVLvhi;
  46 mth: LM 47.00 QA 0.00, $ 898;
  47 upd: true CD4 436, true HVL HVLvhi;
  47 mth: LM 48.00 QA 0.00, $ 909;
  48 CD4 TEST: obsv CD4 436, $ 918;
**48 CLINIC VISIT, $ 918;
  48 upd: true CD4 429, true HVL HVLvhi;
  48 mth: LM 49.00 QA 0.00, $ 930;
  49 upd: true CD4 423, true HVL HVLvhi;
  49 mth: LM 50.00 QA 0.00, $ 941;
  50 upd: true CD4 417, true HVL HVLvhi;
  50 mth: LM 51.00 QA 0.00, $ 952;
**51 CLINIC VISIT, $ 952;
  51 upd: true CD4 410, true HVL HVLvhi;
  51 mth: LM 52.00 QA 0.00, $ 964;
  52 upd: true CD4 404, true HVL HVLvhi;
  52 mth: LM 53.00 QA 0.00, $ 975;
  53 upd: true CD4 398, true HVL HVLvhi;
  53 mth: LM 54.00 QA 0.00, $ 986;
  54 CD4 TEST: obsv CD4 398, $ 996;
**54 CLINIC VISIT, $ 996;
  54 upd: true CD4 392, true HVL HVLvhi;
  54 mth: LM 55.00 QA 0.00, $ 1007;
  55 upd: true CD4 386, true HVL HVLvhi;
  55 mth: LM 56.00 QA 0.00, $ 1018;
  56 upd: true CD4 379, true HVL HVLvhi;
  56 mth: LM 57.00 QA 0.00, $ 1030;
**57 CLINIC VISIT, $ 1030;
**57 SECONDARY OI OTHM;
  57 acute OI OTHM $ 1155;
**57 CLINIC VISIT, $ 1155;
**57 OBSV OI OTHM;
  57 upd: true CD4 373, true HVL HVLvhi;
  57 mth: LM 58.00 QA 0.00, $ 1167;
  58 upd: true CD4 367, true HVL HVLvhi;
  58 mth: LM 59.00 QA 0.00, $ 1178;
  59 upd: true CD4 360, true HVL HVLvhi;
  59 mth: LM 60.00 QA 0.00, $ 1189;
  60 CD4 TEST: obsv CD4 360, $ 1199;
**60 CLINIC VISIT, $ 1199;
  60 upd: true CD4 354, true HVL HVLvhi;
  60 mth: LM 61.00 QA 0.00, $ 1210;
  61 upd: true CD4 348, true HVL HVLvhi;
  61 mth: LM 62.00 QA 0.00, $ 1221;
  62 upd: true CD4 342, true HVL HVLvhi;
  62 mth: LM 63.00 QA 0.00, $ 1233;
**63 CLINIC VISIT, $ 1233;
  63 upd: true CD4 336, true HVL HVLvhi;
  63 mth: LM 64.00 QA 0.00, $ 1244;
  64 upd: true CD4 330, true HVL HVLvhi;
  64 mth: LM 65.00 QA 0.00, $ 1255;
  65 upd: true CD4 324, true HVL HVLvhi;
  65 mth: LM 66.00 QA 0.00, $ 1267;
  66 CD4 TEST: obsv CD4 324, $ 1276;
**66 CLINIC VISIT, $ 1276;
  66 upd: true CD4 317, true HVL HVLvhi;
  66 mth: LM 67.00 QA 0.00, $ 1287;
  67 upd: true CD4 311, true HVL HVLvhi;
  67 mth: LM 68.00 QA 0.00, $ 1298;
  68 upd: true CD4 305, true HVL HVLvhi;
  68 mth: LM 69.00 QA 0.00, $ 1309;
**69 CLINIC VISIT, $ 1309;
  69 upd: true CD4 299, true HVL HVLvhi;
  69 mth: LM 70.00 QA 0.00, $ 1321;
  70 upd: true CD4 292, true HVL HVLvhi;
  70 mth: LM 71.00 QA 0.00, $ 1332;
  71 upd: true CD4 286, true HVL HVLvhi;
  71 mth: LM 72.00 QA 0.00, $ 1343;
  72 CD4 TEST: obsv CD4 286, $ 1352;
**72 CLINIC VISIT, $ 1352;
  72 upd: true CD4 279, true HVL HVLvhi;
  72 mth: LM 73.00 QA 0.00, $ 1363;
  73 upd: true CD4 273, true HVL HVLvhi;
  73 mth: LM 74.00 QA 0.00, $ 1374;
  74 upd: true CD4 267, true HVL HVLvhi;
  74 mth: LM 75.00 QA 0.00, $ 1386;
**75 CLINIC VISIT, $ 1386;
  75 upd: true CD4 260, true HVL HVLvhi;
  75 mth: LM 76.00 QA 0.00, $ 1397;
  76 upd: true CD4 253, true HVL HVLvhi;
  76 mth: LM 77.00 QA 0.00, $ 1408;
  77 upd: true CD4 247, true HVL HVLvhi;
  77 mth: LM 78.00 QA 0.00, $ 1419;
  78 CD4 TEST: obsv CD4 247, $ 1428;
**78 CLINIC VISIT, $ 1428;
  78 upd: true CD4 240, true HVL HVLvhi;
  78 mth: LM 79.00 QA 0.00, $ 1440;
  79 upd: true CD4 234, true HVL HVLvhi;
  79 mth: LM 80.00 QA 0.00, $ 1451;
  80 upd: true CD4 227, true HVL HVLvhi;
  80 mth: LM 81.00 QA 0.00, $ 1462;
**81 CLINIC VISIT, $ 1462;
  81 upd: true CD4 221, true HVL HVLvhi;
  81 mth: LM 82.00 QA 0.00, $ 1473;
  82 upd: true CD4 215, true HVL HVLvhi;
  82 mth: LM 83.00 QA 0.00, $ 1484;
  83 upd: true CD4 208, true HVL HVLvhi;
  83 mth: LM 84.00 QA 0.00, $ 1496;
  84 CD4 TEST: obsv CD4 208, $ 1505;
**84 CLINIC VISIT, $ 1505;
  84 upd: true CD4 202, true HVL HVLvhi;
  84 mth: LM 85.00 QA 0.00, $ 1516;
  85 CD4 TEST: obsv CD4 202, $ 1525;
  85 upd: true CD4 195, true HVL HVLvhi;
  85 mth: LM 86.00 QA 0.00, $ 1536;
  86 CD4 TEST: obsv CD4 195, $ 1545;
**86 SECONDARY OI FNGM;
  86 acute OI FNGM $ 1682;
  86 CD4 TEST: obsv CD4 195, $ 1692;
**86 CLINIC VISIT, $ 1692;
**86 OBSV OI FNGM;
**86 ART 1 FAIL OBSV BY CD4;
**86 TAKEN OFF ART 1 by NEXT_REGIMEN_TO_START(CD4);
**86 ART DRAW suppressed;
**86 INIT NEW ART 2, $ 1692;
  86 upd: true CD4 267, true HVL HVL_hi;
  86 mth: LM 87.00 QA 0.00, $ 1748;
  87 CD4 TEST: obsv CD4 267, $ 1757;
**87 CLINIC VISIT, $ 1757;
  87 upd: true CD4 339, true HVL HVLmhi;
  87 mth: LM 88.00 QA 0.00, $ 1813;
  88 upd: true CD4 343, true HVL HVLmed;
  88 mth: LM 89.00 QA 0.00, $ 1869;
  89 upd: true CD4 346, true HVL HVLmlo;
  89 mth: LM 90.00 QA 0.00, $ 1925;
  90 CD4 TEST: obsv CD4 346, $ 1934;
**90 CLINIC VISIT, $ 1934;
  90 upd: true CD4 350, true HVL HVL_lo;
  90 mth: LM 91.00 QA 0.00, $ 1990;
  91 upd: true CD4 354, true HVL HVLvlo;
  91 mth: LM 92.00 QA 0.00, $ 2046;
  92 upd: true CD4 357, true HVL HVLvlo;
  92 mth: LM 93.00 QA 0.00, $ 2102;
**93 CLINIC VISIT, $ 2102;
  93 upd: true CD4 361, true HVL HVLvlo;
  93 mth: LM 94.00 QA 0.00, $ 2158;
  94 upd: true CD4 364, true HVL HVLvlo;
  94 mth: LM 95.00 QA 0.00, $ 2214;
  95 upd: true CD4 368, true HVL HVLvlo;
  95 mth: LM 96.00 QA 0.00, $ 2270;
  96 CD4 TEST: obsv CD4 368, $ 2279;
**96 CLINIC VISIT, $ 2279;
  96 upd: true CD4 372, true HVL HVLvlo;
  96 mth: LM 97.00 QA 0.00, $ 2335;
  97 upd: true CD4 375, true HVL HVLvlo;
  97 mth: LM 98.00 QA 0.00, $ 2391;
  98 upd: true CD4 375, true HVL HVLvlo;
  98 mth: LM 99.00 QA 0.00, $ 2447;
**99 CLINIC VISIT, $ 2447;
  99 upd: true CD4 375, true HVL HVLvlo;
  99 mth: LM 100.00 QA 0.00, $ 2503;
  100 upd: true CD4 375, true HVL HVLvlo;
  100 mth: LM 101.00 QA 0.00, $ 2559;
  101 upd: true CD4 375, true HVL HVLvlo;
  101 mth: LM 102.00 QA 0.00, $ 2615;
  102 CD4 TEST: obsv CD4 375, $ 2624;
**102 CLINIC VISIT, $ 2624;
  102 upd: true CD4 375, true HVL HVLvlo;
  102 mth: LM 103.00 QA 0.00, $ 2680;
  103 upd: true CD4 375, true HVL HVLvlo;
  103 mth: LM 104.00 QA 0.00, $ 2737;
  104 upd: true CD4 375, true HVL HVLvlo;
  104 mth: LM 105.00 QA 0.00, $ 2793;
**105 CLINIC VISIT, $ 2793;
  105 upd: true CD4 375, true HVL HVLvlo;
  105 mth: LM 106.00 QA 0.00, $ 2849;
  106 upd: true CD4 375, true HVL HVLvlo;
  106 mth: LM 107.00 QA 0.00, $ 2905;
  107 upd: true CD4 375, true HVL HVLvlo;
  107 mth: LM 108.00 QA 0.00, $ 2961;
  108 CD4 TEST: obsv CD4 375, $ 2970;
**108 CLINIC VISIT, $ 2970;
  108 upd: true CD4 375, true HVL HVLvlo;
  108 mth: LM 109.00 QA 0.00, $ 3026;
  109 upd: true CD4 375, true HVL HVLvlo;
  109 mth: LM 110.00 QA 0.00, $ 3082;
  110 upd: true CD4 375, true HVL HVLvlo;
  110 mth: LM 111.00 QA 0.00, $ 3138;
**111 CLINIC VISIT, $ 3138;
  111 upd: true CD4 375, true HVL HVLvlo;
  111 mth: LM 112.00 QA 0.00, $ 3194;
  112 upd: true CD4 375, true HVL HVLvlo;
  112 mth: LM 113.00 QA 0.00, $ 3250;
  113 upd: true CD4 375, true HVL HVLvlo;
  113 mth: LM 114.00 QA 0.00, $ 3307;
  114 CD4 TEST: obsv CD4 375, $ 3316;
**114 CLINIC VISIT, $ 3316;
  114 upd: true CD4 375, true HVL HVLvlo;
  114 mth: LM 115.00 QA 0.00, $ 3372;
  115 upd: true CD4 375, true HVL HVLvlo;
  115 mth: LM 116.00 QA 0.00, $ 3428;
**116 PRIMARY OI OTHS;
  116 acute OI OTHS $ 3534;
**116 CLINIC VISIT, $ 3534;
**116 OBSV OI OTHS;
**116 ART 2 FAIL OBSV BY OI;
**116 TAKEN OFF ART 2 by STOP_ON_FAIL();
  116 upd: true CD4 372, true HVL HVL_lo;
  116 mth: LM 117.00 QA 0.00, $ 3538;
**117 CLINIC VISIT, $ 3538;
  117 upd: true CD4 369, true HVL HVLmlo;
  117 mth: LM 118.00 QA 0.00, $ 3542;
**118 DEATH chrAIDS;
  LMs 17.30 QA 0.00 $ 309 ;
  END PATIENT



BEGIN PATIENT 9
  gender: male, init age: 098 mths (8.17 yrs)
  init CD4: 142;
  init HVL: HVLvhi, setpt: HVLvhi;
  init VisitType sched, Implement proph YES art YES;
  0 CD4 TEST: obsv CD4 142, $ 9;
**0 CLINIC VISIT, $ 9;
**0 ART DRAW failure;
**0 INIT NEW ART 1, $ 9;
**0 START NEW PROPH 1 for OI BCIS;
**0 TB INFECTION dsTB active;
  0 CD4 TEST: obsv CD4 142, $ 18;
**0 CLINIC VISIT, $ 18;
**0 OBSV OI TB(Active);
**0 START TB TREATMENT line1(fail);
  0 upd: true CD4 142, true HVL HVLvhi;
  0 mth: LM 1.00 QA 0.00, $ 36;
  1 upd: true CD4 142, true HVL HVLvhi;
  1 mth: LM 2.00 QA 0.00, $ 53;
  2 upd: true CD4 142, true HVL HVLvhi;
  2 mth: LM 3.00 QA 0.00, $ 70;
**3 CLINIC VISIT, $ 70;
**3 PRIMARY OI FNGM;
  3 acute OI FNGM $ 207;
**3 CLINIC VISIT, $ 207;
**3 OBSV OI FNGM;
  3 upd: true CD4 136, true HVL HVLvhi;
  3 mth: LM 4.00 QA 0.00, $ 224;
  4 upd: true CD4 129, true HVL HVLvhi;
  4 mth: LM 5.00 QA 0.00, $ 242;
  5 upd: true CD4 122, true HVL HVLvhi;
  5 mth: LM 6.00 QA 0.00, $ 259;
  6 CD4 TEST: obsv CD4 122, $ 268;
**6 CLINIC VISIT, $ 268;
**6 START TB TREATMENT rept1(fail);
  6 upd: true CD4 116, true HVL HVLvhi;
  6 mth: LM 7.00 QA 0.00, $ 280;
  7 upd: true CD4 110, true HVL HVLvhi;
  7 mth: LM 8.00 QA 0.00, $ 291;
  8 upd: true CD4 103, true HVL HVLvhi;
  8 mth: LM 9.00 QA 0.00, $ 303;
**9 CLINIC VISIT, $ 303;
  9 upd: true CD4 97, true HVL HVLvhi;
  9 mth: LM 10.00 QA 0.00, $ 314;
  10 upd: true CD4 91, true HVL HVLvhi;
  10 mth: LM 11.00 QA 0.00, $ 326;
  11 upd: true CD4 84, true HVL HVLvhi;
  11 mth: LM 12.00 QA 0.00, $ 338;
  12 CD4 TEST: obsv CD4 84, $ 347;
**12 CLINIC VISIT, $ 347;
**12 START TB TREATMENT line2(fail);
  12 upd: true CD4 78, true HVL HVLvhi;
  12 mth: LM 13.00 QA 0.00, $ 358;
  13 upd: true CD4 72, true HVL HVLvhi;
  13 mth: LM 14.00 QA 0.00, $ 370;
  14 upd: true CD4 65, true HVL HVLvhi;
  14 mth: LM 15.00 QA 0.00, $ 381;
**15 CLINIC VISIT, $ 381;
**15 PRIMARY OI OTHM;
  15 acute OI OTHM $ 507;
**15 CLINIC VISIT, $ 507;
**15 OBSV OI OTHM;
  15 upd: true CD4 59, true HVL HVLvhi;
  15 mth: LM 16.00 QA 0.00, $ 519;
  16 upd: true CD4 53, true HVL HVLvhi;
  16 mth: LM 17.00 QA 0.00, $ 530;
  17 upd: true CD4 46, true HVL HVLvhi;
  17 mth: LM 18.00 QA 0.00, $ 542;
  18 CD4 TEST: obsv CD4 46, $ 551;
**18 CLINIC VISIT, $ 551;
**18 START TB TREATMENT line3(fail);
  18 upd: true CD4 40, true HVL HVLvhi;
  18 mth: LM 19.00 QA 0.00, $ 569;
  19 CD4 TEST: obsv CD4 40, $ 578;
  19 upd: true CD4 34, true HVL HVLvhi;
  19 mth: LM 20.00 QA 0.00, $ 596;
  20 CD4 TEST: obsv CD4 34, $ 605;
  20 upd: true CD4 27, true HVL HVLvhi;
  20 mth: LM 21.00 QA 0.00, $ 623;
  21 CD4 TEST: obsv CD4 27, $ 632;
**21 CLINIC VISIT, $ 632;
**21 ART 1 FAIL OBSV BY CD4;
**21 TAKEN OFF ART 1 by NEXT_REGIMEN_TO_START(CD4);
**21 ART DRAW suppressed;
**21 INIT NEW ART 2, $ 632;
  21 upd: true CD4 99, true HVL HVL_hi;
  21 mth: LM 22.00 QA 0.00, $ 695;
  22 CD4 TEST: obsv CD4 99, $ 704;
  22 upd: true CD4 171, true HVL HVLmhi;
  22 mth: LM 23.00 QA 0.00, $ 760;
  23 upd: true CD4 175, true HVL HVLmed;
  23 mth: LM 24.00 QA 0.00, $ 816;
  24 CD4 TEST: obsv CD4 175, $ 826;
**24 CLINIC VISIT, $ 826;
**24 TB TREAT STOP;
  24 upd: true CD4 178, true HVL HVLmlo;
  24 mth: LM 25.00 QA 0.00, $ 882;
  25 upd: true CD4 182, true HVL HVL_lo;
  25 mth: LM 26.00 QA 0.00, $ 938;
  26 upd: true CD4 185, true HVL HVLvlo;
  26 mth: LM 27.00 QA 0.00, $ 994;
**27 CLINIC VISIT, $ 994;
  27 upd: true CD4 189, true HVL HVLvlo;
  27 mth: LM 28.00 QA 0.00, $ 1051;
  28 upd: true CD4 193, true HVL HVLvlo;
  28 mth: LM 29.00 QA 0.00, $ 1107;
**29 SECONDARY OI OTHM;
  29 acute OI OTHM $ 1233;
**29 CLINIC VISIT, $ 1233;
**29 OBSV OI OTHM;
  29 upd: true CD4 196, true HVL HVLvlo;
  29 mth: LM 30.00 QA 0.00, $ 1289;
  30 CD4 TEST: obsv CD4 196, $ 1298;
**30 CLINIC VISIT, $ 1298;
  30 upd: true CD4 200, true HVL HVLvlo;
  30 mth: LM 31.00 QA 0.00, $ 1355;
  31 upd: true CD4 203, true HVL HVLvlo;
  31 mth: LM 32.00 QA 0.00, $ 1411;
  32 upd: true CD4 207, true HVL HVLvlo;
  32 mth: LM 33.00 QA 0.00, $ 1467;
**33 CLINIC VISIT, $ 1467;
  33 upd: true CD4 207, true HVL HVLvlo;
  33 mth: LM 34.00 QA 0.00, $ 1524;
  34 upd: true CD4 207, true HVL HVLvlo;
  34 mth: LM 35.00 QA 0.00, $ 1580;
  35 upd: true CD4 207, true HVL HVLvlo;
  35 mth: LM 36.00 QA 0.00, $ 1636;
  36 CD4 TEST: obsv CD4 207, $ 1645;
**36 CLINIC VISIT, $ 1645;
  36 upd: true CD4 207, true HVL HVLvlo;
  36 mth: LM 37.00 QA 0.00, $ 1701;
  37 upd: true CD4 207, true HVL HVLvlo;
  37 mth: LM 38.00 QA 0.00, $ 1757;
  38 upd: true CD4 207, true HVL HVLvlo;
  38 mth: LM 39.00 QA 0.00, $ 1813;
**39 CLINIC VISIT, $ 1813;
  39 upd: true CD4 207, true HVL HVLvlo;
  39 mth: LM 40.00 QA 0.00, $ 1869;
  40 upd: true CD4 207, true HVL HVLvlo;
  40 mth: LM 41.00 QA 0.00, $ 1925;
  41 upd: true CD4 207, true HVL HVLvlo;
  41 mth: LM 42.00 QA 0.00, $ 1981;
  42 CD4 TEST: obsv CD4 207, $ 1990;
**42 CLINIC VISIT, $ 1990;
  42 upd: true CD4 207, true HVL HVLvlo;
  42 mth: LM 43.00 QA 0.00, $ 2046;
  43 upd: true CD4 207, true HVL HVLvlo;
  43 mth: LM 44.00 QA 0.00, $ 2102;
  44 upd: true CD4 207, true HVL HVLvlo;
  44 mth: LM 45.00 QA 0.00, $ 2158;
**45 ART LATE FAIL;
**45 CLINIC VISIT, $ 2158;
  45 upd: true CD4 207, true HVL HVL_lo;
  45 mth: LM 46.00 QA 0.00, $ 2214;
  46 upd: true CD4 207, true HVL HVLmlo;
  46 mth: LM 47.00 QA 0.00, $ 2270;
  47 upd: true CD4 207, true HVL HVLmed;
  47 mth: LM 48.00 QA 0.00, $ 2326;
  48 CD4 TEST: obsv CD4 207, $ 2335;
**48 CLINIC VISIT, $ 2335;
  48 upd: true CD4 202, true HVL HVLmhi;
  48 mth: LM 49.00 QA 0.00, $ 2391;
  49 upd: true CD4 197, true HVL HVL_hi;
  49 mth: LM 50.00 QA 0.00, $ 2447;
  50 upd: true CD4 190, true HVL HVLvhi;
  50 mth: LM 51.00 QA 0.00, $ 2503;
**51 CLINIC VISIT, $ 2503;
  51 upd: true CD4 183, true HVL HVLvhi;
  51 mth: LM 52.00 QA 0.00, $ 2559;
  52 upd: true CD4 176, true HVL HVLvhi;
  52 mth: LM 53.00 QA 0.00, $ 2615;
  53 upd: true CD4 170, true HVL HVLvhi;
  53 mth: LM 54.00 QA 0.00, $ 2671;
  54 CD4 TEST: obsv CD4 170, $ 2680;
**54 CLINIC VISIT, $ 2680;
  54 upd: true CD4 163, true HVL HVLvhi;
  54 mth: LM 55.00 QA 0.00, $ 2736;
  55 upd: true CD4 157, true HVL HVLvhi;
  55 mth: LM 56.00 QA 0.00, $ 2792;
  56 upd: true CD4 150, true HVL HVLvhi;
  56 mth: LM 57.00 QA 0.00, $ 2849;
**57 CLINIC VISIT, $ 2849;
  57 upd: true CD4 144, true HVL HVLvhi;
  57 mth: LM 58.00 QA 0.00, $ 2905;
  58 upd: true CD4 138, true HVL HVLvhi;
  58 mth: LM 59.00 QA 0.00, $ 2961;
  59 upd: true CD4 131, true HVL HVLvhi;
  59 mth: LM 60.00 QA 0.00, $ 3018;
  60 CD4 TEST: obsv CD4 131, $ 3027;
**60 CLINIC VISIT, $ 3027;
  60 upd: true CD4 125, true HVL HVLvhi;
  60 mth: LM 61.00 QA 0.00, $ 3083;
**61 SECONDARY OI FNGM;
  61 acute OI FNGM $ 3220;
**61 CLINIC VISIT, $ 3220;
**61 OBSV OI FNGM;
  61 upd: true CD4 118, true HVL HVLvhi;
  61 mth: LM 62.00 QA 0.00, $ 3277;
**62 SECONDARY OI OTHM;
  62 acute OI OTHM $ 3402;
**62 CLINIC VISIT, $ 3402;
**62 OBSV OI OTHM;
  62 upd: true CD4 113, true HVL HVLvhi;
  62 mth: LM 63.00 QA 0.00, $ 3459;
**63 CLINIC VISIT, $ 3459;
  63 upd: true CD4 107, true HVL HVLvhi;
  63 mth: LM 64.00 QA 0.00, $ 3515;
  64 upd: true CD4 100, true HVL HVLvhi;
  64 mth: LM 65.00 QA 0.00, $ 3571;
  65 upd: true CD4 94, true HVL HVLvhi;
  65 mth: LM 66.00 QA 0.00, $ 3628;
  66 CD4 TEST: obsv CD4 94, $ 3637;
**66 CLINIC VISIT, $ 3637;
  66 upd: true CD4 87, true HVL HVLvhi;
  66 mth: LM 67.00 QA 0.00, $ 3693;
  67 upd: true CD4 81, true HVL HVLvhi;
  67 mth: LM 68.00 QA 0.00, $ 3749;
  68 upd: true CD4 75, true HVL HVLvhi;
  68 mth: LM 69.00 QA 0.00, $ 3806;
**69 CLINIC VISIT, $ 3806;
  69 upd: true CD4 68, true HVL HVLvhi;
  69 mth: LM 70.00 QA 0.00, $ 3862;
  70 upd: true CD4 62, true HVL HVLvhi;
  70 mth: LM 71.00 QA 0.00, $ 3918;
  71 upd: true CD4 56, true HVL HVLvhi;
  71 mth: LM 72.00 QA 0.00, $ 3975;
  72 CD4 TEST: obsv CD4 56, $ 3984;
**72 CLINIC VISIT, $ 3984;
  72 upd: true CD4 50, true HVL HVLvhi;
  72 mth: LM 73.00 QA 0.00, $ 4040;
  73 upd: true CD4 44, true HVL HVLvhi;
  73 mth: LM 74.00 QA 0.00, $ 4096;
**74 DEATH chrAIDS;
  LMs 18.40 QA 0.00 $ 208 ;
  END PATIENT



BEGIN PATIENT 10
  gender: female, init age: 309 mths (25.75 yrs)
  init CD4: 336;
  init HVL: HVLvhi, setpt: HVLvhi;
  init VisitType sched, Implement proph YES art YES;
  0 CD4 TEST: obsv CD4 336, $ 9;
**0 CLINIC VISIT, $ 9;
**0 TB INFECTION dsTB active;
**0 CLINIC VISIT, $ 9;
**0 OBSV OI TB(Active);
**0 START NEW PROPH 1 for OI BCIS;
**0 START TB TREATMENT line1(fail);
  0 upd: true CD4 329, true HVL HVLvhi;
  0 mth: LM 1.00 QA 0.00, $ 19;
  1 upd: true CD4 323, true HVL HVLvhi;
  1 mth: LM 2.00 QA 0.00, $ 29;
  2 upd: true CD4 316, true HVL HVLvhi;
  2 mth: LM 3.00 QA 0.00, $ 38;
**3 CLINIC VISIT, $ 38;
  3 upd: true CD4 309, true HVL HVLvhi;
  3 mth: LM 4.00 QA 0.00, $ 48;
  4 upd: true CD4 303, true HVL HVLvhi;
  4 mth: LM 5.00 QA 0.00, $ 58;
  5 upd: true CD4 296, true HVL HVLvhi;
  5 mth: LM 6.00 QA 0.00, $ 67;
  6 CD4 TEST: obsv CD4 296, $ 76;
**6 CLINIC VISIT, $ 76;
**6 START TB TREATMENT rept1(fail);
  6 upd: true CD4 289, true HVL HVLvhi;
  6 mth: LM 7.00 QA 0.00, $ 80;
  7 upd: true CD4 283, true HVL HVLvhi;
  7 mth: LM 8.00 QA 0.00, $ 84;
  8 upd: true CD4 276, true HVL HVLvhi;
  8 mth: LM 9.00 QA 0.00, $ 88;
**9 CLINIC VISIT, $ 88;
  9 upd: true CD4 269, true HVL HVLvhi;
  9 mth: LM 10.00 QA 0.00, $ 92;
  10 upd: true CD4 262, true HVL HVLvhi;
  10 mth: LM 11.00 QA 0.00, $ 96;
  11 upd: true CD4 256, true HVL HVLvhi;
  11 mth: LM 12.00 QA 0.00, $ 100;
  12 CD4 TEST: obsv CD4 256, $ 109;
**12 CLINIC VISIT, $ 109;
**12 START TB TREATMENT line2(fail);
  12 upd: true CD4 250, true HVL HVLvhi;
  12 mth: LM 13.00 QA 0.00, $ 113;
  13 upd: true CD4 244, true HVL HVLvhi;
  13 mth: LM 14.00 QA 0.00, $ 117;
  14 upd: true CD4 238, true HVL HVLvhi;
  14 mth: LM 15.00 QA 0.00, $ 121;
**15 CLINIC VISIT, $ 121;
  15 upd: true CD4 231, true HVL HVLvhi;
  15 mth: LM 16.00 QA 0.00, $ 125;
  16 upd: true CD4 225, true HVL HVLvhi;
  16 mth: LM 17.00 QA 0.00, $ 129;
  17 upd: true CD4 218, true HVL HVLvhi;
  17 mth: LM 18.00 QA 0.00, $ 133;
  18 CD4 TEST: obsv CD4 218, $ 142;
**18 CLINIC VISIT, $ 142;
**18 START TB TREATMENT line3(fail);
  18 upd: true CD4 211, true HVL HVLvhi;
  18 mth: LM 19.00 QA 0.00, $ 146;
  19 upd: true CD4 205, true HVL HVLvhi;
  19 mth: LM 20.00 QA 0.00, $ 150;
  20 upd: true CD4 198, true HVL HVLvhi;
  20 mth: LM 21.00 QA 0.00, $ 154;
**21 CLINIC VISIT, $ 154;
**21 PRIMARY OI FNGM;
  21 acute OI FNGM $ 291;
**21 CLINIC VISIT, $ 291;
**21 OBSV OI FNGM;
  21 upd: true CD4 192, true HVL HVLvhi;
  21 mth: LM 22.00 QA 0.00, $ 295;
  22 upd: true CD4 185, true HVL HVLvhi;
  22 mth: LM 23.00 QA 0.00, $ 299;
  23 upd: true CD4 179, true HVL HVLvhi;
  23 mth: LM 24.00 QA 0.00, $ 303;
  24 CD4 TEST: obsv CD4 179, $ 312;
**24 CLINIC VISIT, $ 312;
**24 ART DRAW suppressed;
**24 INIT NEW ART 1, $ 312;
**24 TB TREAT STOP;
  24 upd: true CD4 231, true HVL HVL_hi;
  24 mth: LM 25.00 QA 0.00, $ 324;
  25 CD4 TEST: obsv CD4 231, $ 333;
  25 upd: true CD4 284, true HVL HVLmhi;
  25 mth: LM 26.00 QA 0.00, $ 344;
  26 upd: true CD4 291, true HVL HVLmed;
  26 mth: LM 27.00 QA 0.00, $ 355;
**27 CLINIC VISIT, $ 355;
  27 upd: true CD4 297, true HVL HVLmlo;
  27 mth: LM 28.00 QA 0.00, $ 366;
**28 DEATH chrAIDS;
  LMs 19.50 QA 0.00 $ 107 ;
  END PATIENT


-----------------------------
END SCENARIO sample.in
-----------------------------

